{"/home/usuario/dsi/practicas/ull-esit-inf-dsi-22-23-prct07-destravate-datamodel-grupok/src/colecciones/coleccionGrupo.ts":{"path":"/home/usuario/dsi/practicas/ull-esit-inf-dsi-22-23-prct07-destravate-datamodel-grupok/src/colecciones/coleccionGrupo.ts","statementMap":{"0":{"start":{"line":2,"column":0},"end":{"line":2,"column":62}},"1":{"start":{"line":3,"column":0},"end":{"line":3,"column":32}},"2":{"start":{"line":4,"column":16},"end":{"line":4,"column":43}},"3":{"start":{"line":14,"column":8},"end":{"line":14,"column":32}},"4":{"start":{"line":20,"column":8},"end":{"line":20,"column":36}},"5":{"start":{"line":27,"column":8},"end":{"line":27,"column":29}},"6":{"start":{"line":34,"column":8},"end":{"line":38,"column":9}},"7":{"start":{"line":35,"column":12},"end":{"line":37,"column":13}},"8":{"start":{"line":36,"column":16},"end":{"line":36,"column":54}},"9":{"start":{"line":45,"column":8},"end":{"line":45,"column":27}},"10":{"start":{"line":51,"column":8},"end":{"line":51,"column":24}},"11":{"start":{"line":52,"column":8},"end":{"line":52,"column":42}},"12":{"start":{"line":53,"column":8},"end":{"line":55,"column":9}},"13":{"start":{"line":54,"column":12},"end":{"line":54,"column":31}},"14":{"start":{"line":62,"column":8},"end":{"line":64,"column":9}},"15":{"start":{"line":63,"column":12},"end":{"line":63,"column":64}},"16":{"start":{"line":66,"column":28},"end":{"line":66,"column":45}},"17":{"start":{"line":67,"column":8},"end":{"line":71,"column":9}},"18":{"start":{"line":68,"column":12},"end":{"line":70,"column":13}},"19":{"start":{"line":69,"column":16},"end":{"line":69,"column":85}},"20":{"start":{"line":72,"column":8},"end":{"line":72,"column":46}},"21":{"start":{"line":79,"column":8},"end":{"line":84,"column":9}},"22":{"start":{"line":80,"column":12},"end":{"line":80,"column":46}},"23":{"start":{"line":83,"column":12},"end":{"line":83,"column":71}},"24":{"start":{"line":92,"column":8},"end":{"line":92,"column":57}},"25":{"start":{"line":95,"column":8},"end":{"line":95,"column":59}},"26":{"start":{"line":98,"column":8},"end":{"line":98,"column":61}},"27":{"start":{"line":101,"column":8},"end":{"line":101,"column":63}},"28":{"start":{"line":104,"column":8},"end":{"line":104,"column":62}},"29":{"start":{"line":107,"column":8},"end":{"line":107,"column":69}},"30":{"start":{"line":110,"column":8},"end":{"line":110,"column":71}},"31":{"start":{"line":113,"column":0},"end":{"line":113,"column":40}}},"fnMap":{"0":{"name":"(anonymous_0)","decl":{"start":{"line":13,"column":4},"end":{"line":13,"column":5}},"loc":{"start":{"line":13,"column":18},"end":{"line":15,"column":5}},"line":13},"1":{"name":"(anonymous_1)","decl":{"start":{"line":19,"column":4},"end":{"line":19,"column":5}},"loc":{"start":{"line":19,"column":24},"end":{"line":21,"column":5}},"line":19},"2":{"name":"(anonymous_2)","decl":{"start":{"line":26,"column":4},"end":{"line":26,"column":5}},"loc":{"start":{"line":26,"column":22},"end":{"line":28,"column":5}},"line":26},"3":{"name":"(anonymous_3)","decl":{"start":{"line":33,"column":4},"end":{"line":33,"column":5}},"loc":{"start":{"line":33,"column":31},"end":{"line":39,"column":5}},"line":33},"4":{"name":"(anonymous_4)","decl":{"start":{"line":44,"column":4},"end":{"line":44,"column":5}},"loc":{"start":{"line":44,"column":16},"end":{"line":46,"column":5}},"line":44},"5":{"name":"(anonymous_5)","decl":{"start":{"line":50,"column":4},"end":{"line":50,"column":5}},"loc":{"start":{"line":50,"column":13},"end":{"line":56,"column":5}},"line":50},"6":{"name":"(anonymous_6)","decl":{"start":{"line":61,"column":4},"end":{"line":61,"column":5}},"loc":{"start":{"line":61,"column":20},"end":{"line":73,"column":5}},"line":61},"7":{"name":"(anonymous_7)","decl":{"start":{"line":78,"column":4},"end":{"line":78,"column":5}},"loc":{"start":{"line":78,"column":20},"end":{"line":85,"column":5}},"line":78},"8":{"name":"(anonymous_8)","decl":{"start":{"line":91,"column":4},"end":{"line":91,"column":5}},"loc":{"start":{"line":91,"column":35},"end":{"line":93,"column":5}},"line":91},"9":{"name":"(anonymous_9)","decl":{"start":{"line":94,"column":4},"end":{"line":94,"column":5}},"loc":{"start":{"line":94,"column":37},"end":{"line":96,"column":5}},"line":94},"10":{"name":"(anonymous_10)","decl":{"start":{"line":97,"column":4},"end":{"line":97,"column":5}},"loc":{"start":{"line":97,"column":33},"end":{"line":99,"column":5}},"line":97},"11":{"name":"(anonymous_11)","decl":{"start":{"line":100,"column":4},"end":{"line":100,"column":5}},"loc":{"start":{"line":100,"column":35},"end":{"line":102,"column":5}},"line":100},"12":{"name":"(anonymous_12)","decl":{"start":{"line":103,"column":4},"end":{"line":103,"column":5}},"loc":{"start":{"line":103,"column":34},"end":{"line":105,"column":5}},"line":103},"13":{"name":"(anonymous_13)","decl":{"start":{"line":106,"column":4},"end":{"line":106,"column":5}},"loc":{"start":{"line":106,"column":41},"end":{"line":108,"column":5}},"line":106},"14":{"name":"(anonymous_14)","decl":{"start":{"line":109,"column":4},"end":{"line":109,"column":5}},"loc":{"start":{"line":109,"column":43},"end":{"line":111,"column":5}},"line":109}},"branchMap":{"0":{"loc":{"start":{"line":35,"column":12},"end":{"line":37,"column":13}},"type":"if","locations":[{"start":{"line":35,"column":12},"end":{"line":37,"column":13}},{"start":{"line":35,"column":12},"end":{"line":37,"column":13}}],"line":35},"1":{"loc":{"start":{"line":35,"column":16},"end":{"line":35,"column":81}},"type":"binary-expr","locations":[{"start":{"line":35,"column":16},"end":{"line":35,"column":46}},{"start":{"line":35,"column":50},"end":{"line":35,"column":81}}],"line":35},"2":{"loc":{"start":{"line":62,"column":8},"end":{"line":64,"column":9}},"type":"if","locations":[{"start":{"line":62,"column":8},"end":{"line":64,"column":9}},{"start":{"line":62,"column":8},"end":{"line":64,"column":9}}],"line":62},"3":{"loc":{"start":{"line":68,"column":12},"end":{"line":70,"column":13}},"type":"if","locations":[{"start":{"line":68,"column":12},"end":{"line":70,"column":13}},{"start":{"line":68,"column":12},"end":{"line":70,"column":13}}],"line":68},"4":{"loc":{"start":{"line":79,"column":8},"end":{"line":84,"column":9}},"type":"if","locations":[{"start":{"line":79,"column":8},"end":{"line":84,"column":9}},{"start":{"line":79,"column":8},"end":{"line":84,"column":9}}],"line":79}},"s":{"0":1,"1":1,"2":1,"3":23,"4":1,"5":26,"6":6,"7":3,"8":0,"9":8,"10":3,"11":3,"12":3,"13":9,"14":3,"15":1,"16":2,"17":2,"18":4,"19":1,"20":1,"21":2,"22":1,"23":1,"24":1,"25":1,"26":1,"27":1,"28":1,"29":1,"30":1,"31":1},"f":{"0":23,"1":1,"2":26,"3":6,"4":8,"5":3,"6":3,"7":2,"8":1,"9":1,"10":1,"11":1,"12":1,"13":1,"14":1},"b":{"0":[0,3],"1":[3,3],"2":[1,2],"3":[1,3],"4":[1,1]},"inputSourceMap":{"version":3,"file":"/home/usuario/dsi/practicas/ull-esit-inf-dsi-22-23-prct07-destravate-datamodel-grupok/src/colecciones/coleccionGrupo.ts","sources":["/home/usuario/dsi/practicas/ull-esit-inf-dsi-22-23-prct07-destravate-datamodel-grupok/src/colecciones/coleccionGrupo.ts"],"names":[],"mappings":";;;AAAA,4CAAuC;AAGvC;;GAEG;AACH,MAAa,cAAc;IACjB,MAAM,CAAqB;IAEnC;;OAEG;IACH;QACE,IAAI,CAAC,MAAM,GAAG,IAAI,GAAG,EAAE,CAAC;IAC1B,CAAC;IAED;;OAEG;IACH,CAAC,MAAM,CAAC,QAAQ,CAAC;QACf,OAAO,IAAI,CAAC,MAAM,CAAC,MAAM,EAAE,CAAC;IAC9B,CAAC;IAED;;;OAGG;IACI,SAAS,CAAC,MAA0B;QACzC,IAAI,CAAC,MAAM,GAAG,MAAM,CAAC;IACvB,CAAC;IAED;;;OAGG;IACI,kBAAkB,CAAC,MAAe;QACvC,KAAK,MAAM,KAAK,IAAI,MAAM,EAAE;YAC1B,IAAI,KAAK,YAAY,aAAK,IAAI,CAAC,IAAI,CAAC,MAAM,CAAC,GAAG,CAAC,KAAK,CAAC,KAAK,EAAE,CAAC,EAAE;gBAC7D,IAAI,CAAC,MAAM,CAAC,GAAG,CAAC,KAAK,CAAC,KAAK,EAAE,EAAE,KAAK,CAAC,CAAC;aACvC;SACF;IACH,CAAC;IAED;;;OAGG;IACI,SAAS;QACd,OAAO,IAAI,CAAC,MAAM,CAAC;IACrB,CAAC;IAED;;OAEG;IACI,MAAM;QACX,OAAO,CAAC,KAAK,EAAE,CAAC;QAChB,OAAO,CAAC,GAAG,CAAC,oBAAoB,CAAC,CAAC;QAClC,KAAK,MAAM,KAAK,IAAI,IAAI,CAAC,MAAM,CAAC,MAAM,EAAE,EAAE;YACxC,OAAO,CAAC,GAAG,CAAC,KAAK,CAAC,CAAC;SACpB;IACH,CAAC;IAED;;;OAGG;IACI,QAAQ,CAAC,KAAY;QAC1B,IAAI,IAAI,CAAC,MAAM,CAAC,GAAG,CAAC,KAAK,CAAC,KAAK,EAAE,CAAC,EAAE;YAClC,MAAM,IAAI,KAAK,CAAC,kCAAkC,CAAC,CAAC;SACrD;QACD,oCAAoC;QACpC,MAAM,WAAW,GAAG,KAAK,CAAC,SAAS,EAAE,CAAC;QACtC,KAAK,MAAM,CAAC,IAAI,IAAI,CAAC,MAAM,CAAC,MAAM,EAAE,EAAE;YACpC,IAAI,CAAC,CAAC,SAAS,EAAE,KAAK,WAAW,EAAE;gBACjC,MAAM,IAAI,KAAK,CAAC,sBAAsB,GAAG,WAAW,GAAG,YAAY,CAAC,CAAC;aACtE;SACF;QAED,IAAI,CAAC,MAAM,CAAC,GAAG,CAAC,KAAK,CAAC,KAAK,EAAE,EAAE,KAAK,CAAC,CAAC;IACxC,CAAC;IAED;;;OAGG;IACI,QAAQ,CAAE,KAAY;QAC3B,IAAI,IAAI,CAAC,MAAM,CAAC,GAAG,CAAC,KAAK,CAAC,KAAK,EAAE,CAAC,EAAE;YAClC,IAAI,CAAC,MAAM,CAAC,MAAM,CAAC,KAAK,CAAC,KAAK,EAAE,CAAC,CAAC;SACnC;aACI;YACH,MAAM,IAAI,KAAK,CAAC,yCAAyC,CAAC,CAAC;SAC5D;IACH,CAAC;IAED;;;;OAIG;IACI,eAAe,CAAE,KAAY,EAAE,MAAc;QAClD,IAAI,CAAC,MAAM,CAAC,GAAG,CAAC,KAAK,CAAC,KAAK,EAAE,CAAE,CAAC,SAAS,CAAC,MAAM,CAAC,CAAC;IACpD,CAAC;IAEM,gBAAgB,CAAE,KAAY,EAAE,OAAe;QACpD,IAAI,CAAC,MAAM,CAAC,GAAG,CAAC,KAAK,CAAC,KAAK,EAAE,CAAE,CAAC,UAAU,CAAC,OAAO,CAAC,CAAC;IACtD,CAAC;IAEM,eAAe,CAAE,KAAY,EAAE,IAAY;QAChD,IAAI,CAAC,MAAM,CAAC,GAAG,CAAC,KAAK,CAAC,KAAK,EAAE,CAAE,CAAC,eAAe,CAAC,IAAI,CAAC,CAAC;IACxD,CAAC;IAEM,iBAAiB,CAAE,KAAY,EAAE,IAAY;QAClD,IAAI,CAAC,MAAM,CAAC,GAAG,CAAC,KAAK,CAAC,KAAK,EAAE,CAAE,CAAC,iBAAiB,CAAC,IAAI,CAAC,CAAC;IAC1D,CAAC;IAEM,gBAAgB,CAAE,KAAY,EAAE,IAAsC;QAC3E,IAAI,CAAC,MAAM,CAAC,GAAG,CAAC,KAAK,CAAC,KAAK,EAAE,CAAE,CAAC,gBAAgB,CAAC,IAAI,CAAC,CAAC;IACzD,CAAC;IAEM,eAAe,CAAE,KAAY,EAAE,YAAoB;QACxD,IAAI,CAAC,MAAM,CAAC,GAAG,CAAC,KAAK,CAAC,KAAK,EAAE,CAAE,CAAC,eAAe,CAAC,YAAY,CAAC,CAAC;IAChE,CAAC;IAEM,iBAAiB,CAAE,KAAY,EAAE,YAAoB;QAC1D,IAAI,CAAC,MAAM,CAAC,GAAG,CAAC,KAAK,CAAC,KAAK,EAAE,CAAE,CAAC,iBAAiB,CAAC,YAAY,CAAC,CAAC;IAClE,CAAC;CACF;AAxHD,wCAwHC","sourcesContent":["import {Grupo} from '../modelos/grupo';\nimport { Coleccion } from '../interfaces/coleccion';\n\n/**\n * Clase que implemente Colección y la especifica para grupos\n */\nexport class ColeccionGrupo implements Coleccion<Grupo> {\n  private grupos: Map<number, Grupo>;\n\n  /**\n   * Constructor de la clase\n   */\n  constructor() {\n    this.grupos = new Map();\n  }\n\n  /**\n   * Hace posible que la clase ColeccionGrupo sea iterable\n   */\n  [Symbol.iterator]() {\n    return this.grupos.values();\n  }\n\n  /**\n   * Setter de los grupos (entrada en formato map)\n   * @param grupos Grupos en formato map\n   */\n  public setGrupos(grupos: Map<number, Grupo>): void {\n    this.grupos = grupos;\n  }\n\n  /**\n   * Setter de los grupos (entrada en formato array)\n   * @param grupos Grupos en formato array\n   */\n  public setGruposFromArray(grupos: Grupo[]): void {\n    for (const grupo of grupos) {\n      if (grupo instanceof Grupo && !this.grupos.has(grupo.getID())) {\n        this.grupos.set(grupo.getID(), grupo);\n      }\n    }\n  }\n\n  /**\n   * Getter de la clase grupo\n   * @returns Map con los grupos\n   */\n  public getGrupos(): Map<number, Grupo> {\n    return this.grupos;\n  }\n\n  /**\n   * Método que permite listar los grupos\n   */\n  public listar(): void {\n    console.clear();\n    console.log('Listando grupos...');\n    for (const grupo of this.grupos.values()) {\n      console.log(grupo);\n    }\n  }\n\n  /**\n   * Método que permite insertar un grupo\n   * @param grupo Grupo a añadir\n   */\n  public insertar(grupo: Grupo): void {\n    if (this.grupos.has(grupo.getID())) {\n      throw new Error('Existe un grupo con el mismo ID.');\n    }\n    // comprobar que el nombre no existe\n    const nuevoNombre = grupo.getNombre();\n    for (const u of this.grupos.values()) {\n      if (u.getNombre() === nuevoNombre) {\n        throw new Error('El grupo con nombre ' + nuevoNombre + ' ya existe');\n      }\n    }\n    \n    this.grupos.set(grupo.getID(), grupo);\n  }\n\n  /**\n   * Permite eliminar un grupo\n   * @param grupo Grupo a eliminar\n   */\n  public eliminar( grupo: Grupo ) {\n    if (this.grupos.has(grupo.getID())) {\n      this.grupos.delete(grupo.getID());\n    }\n    else {\n      throw new Error(\"El grupo que deseas eliminar no existe.\");\n    }\n  }\n\n  /**\n   * Método que permite modificar el nombre de un usuario\n   * @param grupo usuario a modificar\n   * @param nombre nuevo nombre\n   */\n  public modificarNombre( grupo: Grupo, nombre: string) {\n    this.grupos.get(grupo.getID())!.setNombre(nombre);\n  }\n\n  public modificarCreador( grupo: Grupo, creador: number) {\n    this.grupos.get(grupo.getID())!.setCreador(creador);\n  }\n\n  public addRutaFavorita( grupo: Grupo, ruta: number) {\n    this.grupos.get(grupo.getID())!.addRutaFavorita(ruta);\n  }\n\n  public eraseRutaFavorita( grupo: Grupo, ruta: number) {\n    this.grupos.get(grupo.getID())!.eraseRutaFavorita(ruta);\n  }\n\n  public addRutaRealizada( grupo: Grupo, ruta: { ruta: number; fecha: string; }) {\n    this.grupos.get(grupo.getID())!.addRutaRealizada(ruta);\n  }\n\n  public addParticipante( grupo: Grupo, participante: number) {\n    this.grupos.get(grupo.getID())!.addParticipante(participante);\n  }\n\n  public eraseParticipante( grupo: Grupo, participante: number) {\n    this.grupos.get(grupo.getID())!.eraseParticipante(participante);\n  }\n}\n\n\n\n"]},"_coverageSchema":"1a1c01bbd47fc00a2c39e90264f33305004495a9","hash":"0e2154f42fedaf8465161768de4345ed7c29ad6d","contentHash":"76108d0afde9e986f6ba1ca5fde56ae044d4a9c6bb79eea5c6dc0f215c0f5deb"},"/home/usuario/dsi/practicas/ull-esit-inf-dsi-22-23-prct07-destravate-datamodel-grupok/src/modelos/grupo.ts":{"path":"/home/usuario/dsi/practicas/ull-esit-inf-dsi-22-23-prct07-destravate-datamodel-grupok/src/modelos/grupo.ts","statementMap":{"0":{"start":{"line":2,"column":0},"end":{"line":2,"column":62}},"1":{"start":{"line":3,"column":0},"end":{"line":3,"column":23}},"2":{"start":{"line":4,"column":18},"end":{"line":4,"column":19}},"3":{"start":{"line":5,"column":41},"end":{"line":5,"column":134}},"4":{"start":{"line":13,"column":20},"end":{"line":13,"column":22}},"5":{"start":{"line":14,"column":32},"end":{"line":14,"column":64}},"6":{"start":{"line":15,"column":20},"end":{"line":15,"column":22}},"7":{"start":{"line":16,"column":21},"end":{"line":16,"column":23}},"8":{"start":{"line":17,"column":21},"end":{"line":17,"column":23}},"9":{"start":{"line":19,"column":8},"end":{"line":21,"column":9}},"10":{"start":{"line":20,"column":12},"end":{"line":20,"column":53}},"11":{"start":{"line":22,"column":8},"end":{"line":22,"column":22}},"12":{"start":{"line":23,"column":8},"end":{"line":23,"column":30}},"13":{"start":{"line":24,"column":8},"end":{"line":24,"column":29}},"14":{"start":{"line":25,"column":8},"end":{"line":25,"column":31}},"15":{"start":{"line":28,"column":8},"end":{"line":28,"column":23}},"16":{"start":{"line":31,"column":8},"end":{"line":31,"column":27}},"17":{"start":{"line":34,"column":8},"end":{"line":34,"column":28}},"18":{"start":{"line":37,"column":8},"end":{"line":37,"column":34}},"19":{"start":{"line":40,"column":8},"end":{"line":40,"column":46}},"20":{"start":{"line":43,"column":8},"end":{"line":43,"column":34}},"21":{"start":{"line":46,"column":8},"end":{"line":46,"column":35}},"22":{"start":{"line":49,"column":8},"end":{"line":49,"column":35}},"23":{"start":{"line":51,"column":12},"end":{"line":56,"column":5}},"24":{"start":{"line":52,"column":8},"end":{"line":52,"column":21}},"25":{"start":{"line":53,"column":8},"end":{"line":55,"column":9}},"26":{"start":{"line":54,"column":12},"end":{"line":54,"column":29}},"27":{"start":{"line":58,"column":8},"end":{"line":58,"column":29}},"28":{"start":{"line":61,"column":8},"end":{"line":61,"column":31}},"29":{"start":{"line":64,"column":8},"end":{"line":64,"column":43}},"30":{"start":{"line":67,"column":8},"end":{"line":67,"column":67}},"31":{"start":{"line":70,"column":8},"end":{"line":70,"column":43}},"32":{"start":{"line":73,"column":8},"end":{"line":73,"column":45}},"33":{"start":{"line":76,"column":8},"end":{"line":76,"column":45}},"34":{"start":{"line":79,"column":8},"end":{"line":79,"column":41}},"35":{"start":{"line":82,"column":8},"end":{"line":82,"column":39}},"36":{"start":{"line":85,"column":8},"end":{"line":85,"column":80}},"37":{"start":{"line":85,"column":65},"end":{"line":85,"column":78}},"38":{"start":{"line":88,"column":8},"end":{"line":88,"column":36}},"39":{"start":{"line":91,"column":8},"end":{"line":91,"column":86}},"40":{"start":{"line":91,"column":63},"end":{"line":91,"column":84}},"41":{"start":{"line":94,"column":0},"end":{"line":94,"column":22}}},"fnMap":{"0":{"name":"(anonymous_0)","decl":{"start":{"line":18,"column":4},"end":{"line":18,"column":5}},"loc":{"start":{"line":18,"column":33},"end":{"line":26,"column":5}},"line":18},"1":{"name":"(anonymous_1)","decl":{"start":{"line":27,"column":4},"end":{"line":27,"column":5}},"loc":{"start":{"line":27,"column":12},"end":{"line":29,"column":5}},"line":27},"2":{"name":"(anonymous_2)","decl":{"start":{"line":30,"column":4},"end":{"line":30,"column":5}},"loc":{"start":{"line":30,"column":16},"end":{"line":32,"column":5}},"line":30},"3":{"name":"(anonymous_3)","decl":{"start":{"line":33,"column":4},"end":{"line":33,"column":5}},"loc":{"start":{"line":33,"column":17},"end":{"line":35,"column":5}},"line":33},"4":{"name":"(anonymous_4)","decl":{"start":{"line":36,"column":4},"end":{"line":36,"column":5}},"loc":{"start":{"line":36,"column":23},"end":{"line":38,"column":5}},"line":36},"5":{"name":"(anonymous_5)","decl":{"start":{"line":39,"column":4},"end":{"line":39,"column":5}},"loc":{"start":{"line":39,"column":35},"end":{"line":41,"column":5}},"line":39},"6":{"name":"(anonymous_6)","decl":{"start":{"line":42,"column":4},"end":{"line":42,"column":5}},"loc":{"start":{"line":42,"column":23},"end":{"line":44,"column":5}},"line":42},"7":{"name":"(anonymous_7)","decl":{"start":{"line":45,"column":4},"end":{"line":45,"column":5}},"loc":{"start":{"line":45,"column":24},"end":{"line":47,"column":5}},"line":45},"8":{"name":"(anonymous_8)","decl":{"start":{"line":48,"column":4},"end":{"line":48,"column":5}},"loc":{"start":{"line":48,"column":24},"end":{"line":50,"column":5}},"line":48},"9":{"name":"(anonymous_9)","decl":{"start":{"line":51,"column":12},"end":{"line":51,"column":13}},"loc":{"start":{"line":51,"column":20},"end":{"line":56,"column":5}},"line":51},"10":{"name":"(anonymous_10)","decl":{"start":{"line":57,"column":4},"end":{"line":57,"column":5}},"loc":{"start":{"line":57,"column":22},"end":{"line":59,"column":5}},"line":57},"11":{"name":"(anonymous_11)","decl":{"start":{"line":60,"column":4},"end":{"line":60,"column":5}},"loc":{"start":{"line":60,"column":24},"end":{"line":62,"column":5}},"line":60},"12":{"name":"(anonymous_12)","decl":{"start":{"line":63,"column":4},"end":{"line":63,"column":5}},"loc":{"start":{"line":63,"column":36},"end":{"line":65,"column":5}},"line":63},"13":{"name":"(anonymous_13)","decl":{"start":{"line":66,"column":4},"end":{"line":66,"column":5}},"loc":{"start":{"line":66,"column":60},"end":{"line":68,"column":5}},"line":66},"14":{"name":"(anonymous_14)","decl":{"start":{"line":69,"column":4},"end":{"line":69,"column":5}},"loc":{"start":{"line":69,"column":36},"end":{"line":71,"column":5}},"line":69},"15":{"name":"(anonymous_15)","decl":{"start":{"line":72,"column":4},"end":{"line":72,"column":5}},"loc":{"start":{"line":72,"column":38},"end":{"line":74,"column":5}},"line":72},"16":{"name":"(anonymous_16)","decl":{"start":{"line":75,"column":4},"end":{"line":75,"column":5}},"loc":{"start":{"line":75,"column":38},"end":{"line":77,"column":5}},"line":75},"17":{"name":"(anonymous_17)","decl":{"start":{"line":78,"column":4},"end":{"line":78,"column":5}},"loc":{"start":{"line":78,"column":28},"end":{"line":80,"column":5}},"line":78},"18":{"name":"(anonymous_18)","decl":{"start":{"line":81,"column":4},"end":{"line":81,"column":5}},"loc":{"start":{"line":81,"column":27},"end":{"line":83,"column":5}},"line":81},"19":{"name":"(anonymous_19)","decl":{"start":{"line":84,"column":4},"end":{"line":84,"column":5}},"loc":{"start":{"line":84,"column":30},"end":{"line":86,"column":5}},"line":84},"20":{"name":"(anonymous_20)","decl":{"start":{"line":85,"column":57},"end":{"line":85,"column":58}},"loc":{"start":{"line":85,"column":65},"end":{"line":85,"column":78}},"line":85},"21":{"name":"(anonymous_21)","decl":{"start":{"line":87,"column":4},"end":{"line":87,"column":5}},"loc":{"start":{"line":87,"column":24},"end":{"line":89,"column":5}},"line":87},"22":{"name":"(anonymous_22)","decl":{"start":{"line":90,"column":4},"end":{"line":90,"column":5}},"loc":{"start":{"line":90,"column":38},"end":{"line":92,"column":5}},"line":90},"23":{"name":"(anonymous_23)","decl":{"start":{"line":91,"column":55},"end":{"line":91,"column":56}},"loc":{"start":{"line":91,"column":63},"end":{"line":91,"column":84}},"line":91}},"branchMap":{"0":{"loc":{"start":{"line":19,"column":8},"end":{"line":21,"column":9}},"type":"if","locations":[{"start":{"line":19,"column":8},"end":{"line":21,"column":9}},{"start":{"line":19,"column":8},"end":{"line":21,"column":9}}],"line":19},"1":{"loc":{"start":{"line":53,"column":8},"end":{"line":55,"column":9}},"type":"if","locations":[{"start":{"line":53,"column":8},"end":{"line":55,"column":9}},{"start":{"line":53,"column":8},"end":{"line":55,"column":9}}],"line":53}},"s":{"0":1,"1":1,"2":1,"3":1,"4":28,"5":28,"6":28,"7":28,"8":28,"9":28,"10":1,"11":27,"12":27,"13":27,"14":27,"15":90,"16":9,"17":3,"18":7,"19":2,"20":2,"21":7,"22":5,"23":28,"24":2,"25":2,"26":0,"27":2,"28":2,"29":2,"30":1,"31":1,"32":2,"33":1,"34":2,"35":2,"36":2,"37":4,"38":2,"39":2,"40":4,"41":1},"f":{"0":28,"1":90,"2":9,"3":3,"4":7,"5":2,"6":2,"7":7,"8":5,"9":2,"10":2,"11":2,"12":2,"13":1,"14":1,"15":2,"16":1,"17":2,"18":2,"19":2,"20":4,"21":2,"22":2,"23":4},"b":{"0":[1,27],"1":[0,2]},"inputSourceMap":{"version":3,"file":"/home/usuario/dsi/practicas/ull-esit-inf-dsi-22-23-prct07-destravate-datamodel-grupok/src/modelos/grupo.ts","sources":["/home/usuario/dsi/practicas/ull-esit-inf-dsi-22-23-prct07-destravate-datamodel-grupok/src/modelos/grupo.ts"],"names":[],"mappings":";;;AAGA,IAAI,WAAW,GAAG,CAAC,CAAC;AACpB,MAAM,gCAAgC,GAA8B,EAAE,MAAM,EAAE,EAAE,EAAE,EAAE,CAAC,EAAE,QAAQ,EAAE,CAAC,EAAE,EAAE,GAAG,EAAE,EAAE,EAAE,EAAE,CAAC,EAAE,QAAQ,EAAE,CAAC,EAAE,EAAE,IAAI,EAAE,EAAE,EAAE,EAAE,CAAC,EAAE,QAAQ,EAAE,CAAC,EAAE,EAAE,CAAC;AAElK;;GAEG;AACH,MAAa,KAAK;IAChB,EAAE,CAAS;IACX,MAAM,CAAS;IACf,OAAO,CAAS;IAChB,aAAa,GAAa,EAAE,CAAC;IAC7B,yBAAyB,GAA8B,gCAAgC,CAAC;IACxF,aAAa,GAAmD,EAAE,CAAC;IACnE,cAAc,GAAa,EAAE,CAAC;IAC9B,cAAc,GAAuC,EAAE,CAAC;IAExD,YAAY,MAAc,EAAE,OAAe;QACzC,IAAI,MAAM,KAAK,EAAE,EAAE;YACjB,MAAM,IAAI,KAAK,CAAC,uBAAuB,CAAC,CAAC;SAC1C;QACD,WAAW,EAAE,CAAC;QACd,IAAI,CAAC,EAAE,GAAG,WAAW,CAAC;QACtB,IAAI,CAAC,MAAM,GAAG,MAAM,CAAC;QACrB,IAAI,CAAC,OAAO,GAAG,OAAO,CAAC;IACzB,CAAC;IAED,KAAK;QACH,OAAO,IAAI,CAAC,EAAE,CAAC;IACjB,CAAC;IAED,SAAS;QACP,OAAO,IAAI,CAAC,MAAM,CAAC;IACrB,CAAC;IAED,UAAU;QACR,OAAO,IAAI,CAAC,OAAO,CAAC;IACtB,CAAC;IAED,gBAAgB;QACd,OAAO,IAAI,CAAC,aAAa,CAAC;IAC5B,CAAC;IAED,4BAA4B;QAK1B,OAAO,IAAI,CAAC,yBAAyB,CAAA;IACvC,CAAC;IAED,gBAAgB;QACd,OAAO,IAAI,CAAC,aAAa,CAAC;IAC5B,CAAC;IAED,iBAAiB;QACf,OAAO,IAAI,CAAC,cAAc,CAAC;IAC7B,CAAC;IAED,iBAAiB;QACf,OAAO,IAAI,CAAC,cAAc,CAAC;IAC7B,CAAC;IAED,KAAK,GAAG,CAAC,EAAU,EAAQ,EAAE;QAC3B,IAAI,CAAC,EAAE,GAAG,EAAE,CAAC;QACb,IAAK,EAAE,GAAG,WAAW,EAAG;YACtB,WAAW,GAAG,EAAE,CAAC;SAClB;IACH,CAAC,CAAA;IAED,SAAS,CAAC,MAAc;QACtB,IAAI,CAAC,MAAM,GAAG,MAAM,CAAC;IACvB,CAAC;IAED,UAAU,CAAC,OAAe;QACxB,IAAI,CAAC,OAAO,GAAG,OAAO,CAAC;IACzB,CAAC;IAED,gBAAgB,CAAC,aAAuB;QACtC,IAAI,CAAC,aAAa,GAAG,aAAa,CAAC;IACrC,CAAC;IAED,4BAA4B,CAAE,yBAI7B;QACC,IAAI,CAAC,yBAAyB,GAAG,yBAAyB,CAAC;IAC7D,CAAC;IAED,gBAAgB,CAAC,aAA6D;QAC5E,IAAI,CAAC,aAAa,GAAG,aAAa,CAAC;IACrC,CAAC;IAED,iBAAiB,CAAC,cAAwB;QACxC,IAAI,CAAC,cAAc,GAAG,cAAc,CAAC;IACvC,CAAC;IAED,iBAAiB,CAAC,cACf;QACD,IAAI,CAAC,cAAc,GAAG,cAAc,CAAC;IACvC,CAAC;IAED,eAAe,CAAC,MAAc;QAC5B,IAAI,CAAC,cAAc,CAAC,IAAI,CAAC,MAAM,CAAC,CAAC;IACnC,CAAC;IAED,gBAAgB,CAAC,IAAsC;QACrD,IAAI,CAAC,cAAc,CAAC,IAAI,CAAC,IAAI,CAAC,CAAC;IACjC,CAAC;IAED,iBAAiB,CAAC,MAAc;QAC9B,IAAI,CAAC,cAAc,GAAG,IAAI,CAAC,cAAc,CAAC,MAAM,CAAC,CAAC,EAAE,EAAE,EAAE,CAAC,EAAE,KAAK,MAAM,CAAC,CAAC;IAC1E,CAAC;IAED,eAAe,CAAC,EAAU;QACxB,IAAI,CAAC,aAAa,CAAC,IAAI,CAAC,EAAE,CAAC,CAAC;IAC9B,CAAC;IAED,iBAAiB,CAAC,cAAsB;QACtC,IAAI,CAAC,aAAa,GAAG,IAAI,CAAC,aAAa,CAAC,MAAM,CAAC,CAAC,EAAE,EAAE,EAAE,CAAC,EAAE,KAAK,cAAc,CAAC,CAAC;IAChF,CAAC;CAEF;AApHD,sBAoHC","sourcesContent":["import { EntidadInterface } from \"../interfaces/entidadInterface\";\nimport { EstadisticasEntrenamiento } from \"../interfaces/estadisticasEntrenamiento\";\n\nlet contador_id = 0;\nconst EMPTY_ESTADISTICAS_ENTRENAMIENTO: EstadisticasEntrenamiento = { semana: { km: 0, desnivel: 0 }, mes: { km: 0, desnivel: 0 }, anio: { km: 0, desnivel: 0 } };\n\n/**\n * Clase que representa a un grupo\n */\nexport class Grupo implements EntidadInterface {\n  id: number;\n  nombre: string;\n  creador: number;\n  participantes: number[] = [];\n  estadisticasEntrenamiento: EstadisticasEntrenamiento = EMPTY_ESTADISTICAS_ENTRENAMIENTO;\n  clasificacion: { id: number; km: number; desnivel: number }[] = [];\n  rutasFavoritas: number[] = [];\n  historicoRutas: { ruta: number; fecha: string; }[] = [];\n\n  constructor(nombre: string, creador: number) {\n    if (nombre === '') {\n      throw new Error('Nombre de grupo vacío');\n    }\n    contador_id++;\n    this.id = contador_id;\n    this.nombre = nombre;\n    this.creador = creador;\n  }\n\n  getID(): number {\n    return this.id;\n  }\n\n  getNombre(): string {\n    return this.nombre;\n  }\n\n  getCreador(): number {\n    return this.creador;\n  }\n\n  getParticipantes(): number[] {\n    return this.participantes;\n  }\n\n  getEstadisticasEntrenamiento(): {\n    semana: { km: number; desnivel: number };\n    mes: { km: number; desnivel: number };\n    anio: { km: number; desnivel: number };\n  } {\n    return this.estadisticasEntrenamiento\n  }\n\n  getClasificacion(): { id: number; km: number; desnivel: number }[] {\n    return this.clasificacion;\n  }\n\n  getRutasFavoritas(): number[] {\n    return this.rutasFavoritas;\n  }\n\n  getHistoricoRutas(): { ruta: number; fecha: string;}[] {\n    return this.historicoRutas;\n  }\n\n  setID = (id: number): void => {\n    this.id = id;\n    if ( id > contador_id ) {\n      contador_id = id;\n    }\n  }\n\n  setNombre(nombre: string): void {\n    this.nombre = nombre;\n  }\n\n  setCreador(creador: number): void {\n    this.creador = creador;\n  }\n\n  setParticipantes(participantes: number[]): void {\n    this.participantes = participantes;\n  }\n\n  setEstadisticasEntrenamiento( estadisticasEntrenamiento: {\n    semana: { km: number; desnivel: number };\n    mes: { km: number; desnivel: number };\n    anio: { km: number; desnivel: number };\n  }): void {\n    this.estadisticasEntrenamiento = estadisticasEntrenamiento;\n  }\n\n  setClasificacion(clasificacion: { id: number; km: number; desnivel: number }[]): void {\n    this.clasificacion = clasificacion;\n  }\n\n  setRutasFavoritas(rutasFavoritas: number[]): void {\n    this.rutasFavoritas = rutasFavoritas;\n  }\n\n  setHistoricoRutas(historicoRutas: {ruta: number; fecha: string;\n  }[]): void {\n    this.historicoRutas = historicoRutas;\n  }\n\n  addRutaFavorita(idRuta: number): void {\n    this.rutasFavoritas.push(idRuta);\n  }\n\n  addRutaRealizada(ruta: { ruta: number; fecha: string; }): void {\n    this.historicoRutas.push(ruta);\n  }\n\n  eraseRutaFavorita(idRuta: number): void {\n    this.rutasFavoritas = this.rutasFavoritas.filter((id) => id !== idRuta);\n  }\n\n  addParticipante(id: number): void {\n    this.participantes.push(id);\n  }\n\n  eraseParticipante(idParticipante: number): void {\n    this.participantes = this.participantes.filter((id) => id !== idParticipante);\n  }\n\n}"]},"_coverageSchema":"1a1c01bbd47fc00a2c39e90264f33305004495a9","hash":"51c36e7f3e9eac43920bff4060d05723c8230cf4","contentHash":"1990eabae1832b2aa0f145b760cc14eac3408e6f934645cfd35ba0f444a01d81"},"/home/usuario/dsi/practicas/ull-esit-inf-dsi-22-23-prct07-destravate-datamodel-grupok/src/colecciones/coleccionReto.ts":{"path":"/home/usuario/dsi/practicas/ull-esit-inf-dsi-22-23-prct07-destravate-datamodel-grupok/src/colecciones/coleccionReto.ts","statementMap":{"0":{"start":{"line":2,"column":0},"end":{"line":2,"column":62}},"1":{"start":{"line":3,"column":0},"end":{"line":3,"column":31}},"2":{"start":{"line":4,"column":15},"end":{"line":4,"column":41}},"3":{"start":{"line":9,"column":12},"end":{"line":9,"column":21}},"4":{"start":{"line":14,"column":8},"end":{"line":14,"column":31}},"5":{"start":{"line":20,"column":8},"end":{"line":20,"column":35}},"6":{"start":{"line":27,"column":8},"end":{"line":27,"column":27}},"7":{"start":{"line":34,"column":8},"end":{"line":38,"column":9}},"8":{"start":{"line":35,"column":12},"end":{"line":37,"column":13}},"9":{"start":{"line":36,"column":16},"end":{"line":36,"column":51}},"10":{"start":{"line":45,"column":8},"end":{"line":45,"column":26}},"11":{"start":{"line":51,"column":21},"end":{"line":51,"column":39}},"12":{"start":{"line":52,"column":8},"end":{"line":54,"column":9}},"13":{"start":{"line":53,"column":12},"end":{"line":53,"column":49}},"14":{"start":{"line":55,"column":8},"end":{"line":55,"column":20}},"15":{"start":{"line":61,"column":8},"end":{"line":61,"column":24}},"16":{"start":{"line":62,"column":8},"end":{"line":62,"column":41}},"17":{"start":{"line":63,"column":8},"end":{"line":65,"column":9}},"18":{"start":{"line":64,"column":12},"end":{"line":64,"column":30}},"19":{"start":{"line":72,"column":8},"end":{"line":76,"column":9}},"20":{"start":{"line":73,"column":12},"end":{"line":73,"column":49}},"21":{"start":{"line":77,"column":8},"end":{"line":77,"column":43}},"22":{"start":{"line":84,"column":8},"end":{"line":90,"column":9}},"23":{"start":{"line":85,"column":12},"end":{"line":85,"column":44}},"24":{"start":{"line":88,"column":12},"end":{"line":88,"column":69}},"25":{"start":{"line":99,"column":8},"end":{"line":113,"column":9}},"26":{"start":{"line":102,"column":32},"end":{"line":102,"column":38}},"27":{"start":{"line":103,"column":12},"end":{"line":107,"column":13}},"28":{"start":{"line":104,"column":16},"end":{"line":106,"column":17}},"29":{"start":{"line":105,"column":20},"end":{"line":105,"column":88}},"30":{"start":{"line":108,"column":12},"end":{"line":108,"column":35}},"31":{"start":{"line":111,"column":12},"end":{"line":111,"column":67}},"32":{"start":{"line":112,"column":12},"end":{"line":112,"column":70}},"33":{"start":{"line":121,"column":8},"end":{"line":127,"column":9}},"34":{"start":{"line":122,"column":12},"end":{"line":122,"column":31}},"35":{"start":{"line":125,"column":12},"end":{"line":125,"column":78}},"36":{"start":{"line":135,"column":8},"end":{"line":141,"column":9}},"37":{"start":{"line":136,"column":12},"end":{"line":136,"column":34}},"38":{"start":{"line":139,"column":12},"end":{"line":139,"column":81}},"39":{"start":{"line":149,"column":8},"end":{"line":155,"column":9}},"40":{"start":{"line":150,"column":12},"end":{"line":150,"column":40}},"41":{"start":{"line":153,"column":12},"end":{"line":153,"column":70}},"42":{"start":{"line":158,"column":8},"end":{"line":171,"column":9}},"43":{"start":{"line":160,"column":29},"end":{"line":160,"column":47}},"44":{"start":{"line":161,"column":12},"end":{"line":165,"column":13}},"45":{"start":{"line":162,"column":16},"end":{"line":164,"column":17}},"46":{"start":{"line":163,"column":20},"end":{"line":163,"column":69}},"47":{"start":{"line":166,"column":12},"end":{"line":166,"column":37}},"48":{"start":{"line":169,"column":12},"end":{"line":169,"column":81}},"49":{"start":{"line":174,"column":8},"end":{"line":193,"column":9}},"50":{"start":{"line":176,"column":29},"end":{"line":176,"column":47}},"51":{"start":{"line":177,"column":29},"end":{"line":177,"column":34}},"52":{"start":{"line":178,"column":12},"end":{"line":182,"column":13}},"53":{"start":{"line":179,"column":16},"end":{"line":181,"column":17}},"54":{"start":{"line":180,"column":20},"end":{"line":180,"column":38}},"55":{"start":{"line":183,"column":12},"end":{"line":188,"column":13}},"56":{"start":{"line":184,"column":16},"end":{"line":184,"column":65}},"57":{"start":{"line":187,"column":16},"end":{"line":187,"column":44}},"58":{"start":{"line":191,"column":12},"end":{"line":191,"column":84}},"59":{"start":{"line":196,"column":0},"end":{"line":196,"column":38}}},"fnMap":{"0":{"name":"(anonymous_0)","decl":{"start":{"line":13,"column":4},"end":{"line":13,"column":5}},"loc":{"start":{"line":13,"column":18},"end":{"line":15,"column":5}},"line":13},"1":{"name":"(anonymous_1)","decl":{"start":{"line":19,"column":4},"end":{"line":19,"column":5}},"loc":{"start":{"line":19,"column":24},"end":{"line":21,"column":5}},"line":19},"2":{"name":"(anonymous_2)","decl":{"start":{"line":26,"column":4},"end":{"line":26,"column":5}},"loc":{"start":{"line":26,"column":20},"end":{"line":28,"column":5}},"line":26},"3":{"name":"(anonymous_3)","decl":{"start":{"line":33,"column":4},"end":{"line":33,"column":5}},"loc":{"start":{"line":33,"column":29},"end":{"line":39,"column":5}},"line":33},"4":{"name":"(anonymous_4)","decl":{"start":{"line":44,"column":4},"end":{"line":44,"column":5}},"loc":{"start":{"line":44,"column":15},"end":{"line":46,"column":5}},"line":44},"5":{"name":"(anonymous_5)","decl":{"start":{"line":50,"column":4},"end":{"line":50,"column":5}},"loc":{"start":{"line":50,"column":16},"end":{"line":56,"column":5}},"line":50},"6":{"name":"(anonymous_6)","decl":{"start":{"line":60,"column":4},"end":{"line":60,"column":5}},"loc":{"start":{"line":60,"column":13},"end":{"line":66,"column":5}},"line":60},"7":{"name":"(anonymous_7)","decl":{"start":{"line":71,"column":4},"end":{"line":71,"column":5}},"loc":{"start":{"line":71,"column":19},"end":{"line":78,"column":5}},"line":71},"8":{"name":"(anonymous_8)","decl":{"start":{"line":83,"column":4},"end":{"line":83,"column":5}},"loc":{"start":{"line":83,"column":19},"end":{"line":91,"column":5}},"line":83},"9":{"name":"(anonymous_9)","decl":{"start":{"line":98,"column":4},"end":{"line":98,"column":5}},"loc":{"start":{"line":98,"column":34},"end":{"line":114,"column":5}},"line":98},"10":{"name":"(anonymous_10)","decl":{"start":{"line":120,"column":4},"end":{"line":120,"column":5}},"loc":{"start":{"line":120,"column":24},"end":{"line":128,"column":5}},"line":120},"11":{"name":"(anonymous_11)","decl":{"start":{"line":134,"column":4},"end":{"line":134,"column":5}},"loc":{"start":{"line":134,"column":26},"end":{"line":142,"column":5}},"line":134},"12":{"name":"(anonymous_12)","decl":{"start":{"line":148,"column":4},"end":{"line":148,"column":5}},"loc":{"start":{"line":148,"column":35},"end":{"line":156,"column":5}},"line":148},"13":{"name":"(anonymous_13)","decl":{"start":{"line":157,"column":4},"end":{"line":157,"column":5}},"loc":{"start":{"line":157,"column":30},"end":{"line":172,"column":5}},"line":157},"14":{"name":"(anonymous_14)","decl":{"start":{"line":173,"column":4},"end":{"line":173,"column":5}},"loc":{"start":{"line":173,"column":32},"end":{"line":194,"column":5}},"line":173}},"branchMap":{"0":{"loc":{"start":{"line":35,"column":12},"end":{"line":37,"column":13}},"type":"if","locations":[{"start":{"line":35,"column":12},"end":{"line":37,"column":13}},{"start":{"line":35,"column":12},"end":{"line":37,"column":13}}],"line":35},"1":{"loc":{"start":{"line":35,"column":16},"end":{"line":35,"column":76}},"type":"binary-expr","locations":[{"start":{"line":35,"column":16},"end":{"line":35,"column":43}},{"start":{"line":35,"column":47},"end":{"line":35,"column":76}}],"line":35},"2":{"loc":{"start":{"line":52,"column":8},"end":{"line":54,"column":9}},"type":"if","locations":[{"start":{"line":52,"column":8},"end":{"line":54,"column":9}},{"start":{"line":52,"column":8},"end":{"line":54,"column":9}}],"line":52},"3":{"loc":{"start":{"line":72,"column":8},"end":{"line":76,"column":9}},"type":"if","locations":[{"start":{"line":72,"column":8},"end":{"line":76,"column":9}},{"start":{"line":72,"column":8},"end":{"line":76,"column":9}}],"line":72},"4":{"loc":{"start":{"line":84,"column":8},"end":{"line":90,"column":9}},"type":"if","locations":[{"start":{"line":84,"column":8},"end":{"line":90,"column":9}},{"start":{"line":84,"column":8},"end":{"line":90,"column":9}}],"line":84},"5":{"loc":{"start":{"line":99,"column":8},"end":{"line":113,"column":9}},"type":"if","locations":[{"start":{"line":99,"column":8},"end":{"line":113,"column":9}},{"start":{"line":99,"column":8},"end":{"line":113,"column":9}}],"line":99},"6":{"loc":{"start":{"line":104,"column":16},"end":{"line":106,"column":17}},"type":"if","locations":[{"start":{"line":104,"column":16},"end":{"line":106,"column":17}},{"start":{"line":104,"column":16},"end":{"line":106,"column":17}}],"line":104},"7":{"loc":{"start":{"line":121,"column":8},"end":{"line":127,"column":9}},"type":"if","locations":[{"start":{"line":121,"column":8},"end":{"line":127,"column":9}},{"start":{"line":121,"column":8},"end":{"line":127,"column":9}}],"line":121},"8":{"loc":{"start":{"line":135,"column":8},"end":{"line":141,"column":9}},"type":"if","locations":[{"start":{"line":135,"column":8},"end":{"line":141,"column":9}},{"start":{"line":135,"column":8},"end":{"line":141,"column":9}}],"line":135},"9":{"loc":{"start":{"line":149,"column":8},"end":{"line":155,"column":9}},"type":"if","locations":[{"start":{"line":149,"column":8},"end":{"line":155,"column":9}},{"start":{"line":149,"column":8},"end":{"line":155,"column":9}}],"line":149},"10":{"loc":{"start":{"line":158,"column":8},"end":{"line":171,"column":9}},"type":"if","locations":[{"start":{"line":158,"column":8},"end":{"line":171,"column":9}},{"start":{"line":158,"column":8},"end":{"line":171,"column":9}}],"line":158},"11":{"loc":{"start":{"line":162,"column":16},"end":{"line":164,"column":17}},"type":"if","locations":[{"start":{"line":162,"column":16},"end":{"line":164,"column":17}},{"start":{"line":162,"column":16},"end":{"line":164,"column":17}}],"line":162},"12":{"loc":{"start":{"line":174,"column":8},"end":{"line":193,"column":9}},"type":"if","locations":[{"start":{"line":174,"column":8},"end":{"line":193,"column":9}},{"start":{"line":174,"column":8},"end":{"line":193,"column":9}}],"line":174},"13":{"loc":{"start":{"line":179,"column":16},"end":{"line":181,"column":17}},"type":"if","locations":[{"start":{"line":179,"column":16},"end":{"line":181,"column":17}},{"start":{"line":179,"column":16},"end":{"line":181,"column":17}}],"line":179},"14":{"loc":{"start":{"line":183,"column":12},"end":{"line":188,"column":13}},"type":"if","locations":[{"start":{"line":183,"column":12},"end":{"line":188,"column":13}},{"start":{"line":183,"column":12},"end":{"line":188,"column":13}}],"line":183}},"s":{"0":1,"1":1,"2":1,"3":26,"4":26,"5":0,"6":27,"7":2,"8":3,"9":0,"10":4,"11":9,"12":9,"13":1,"14":8,"15":2,"16":2,"17":2,"18":6,"19":2,"20":1,"21":1,"22":2,"23":1,"24":1,"25":3,"26":2,"27":2,"28":5,"29":1,"30":1,"31":1,"32":1,"33":3,"34":2,"35":1,"36":2,"37":1,"38":1,"39":2,"40":1,"41":1,"42":2,"43":1,"44":1,"45":0,"46":0,"47":1,"48":1,"49":3,"50":2,"51":2,"52":2,"53":1,"54":1,"55":2,"56":1,"57":1,"58":1,"59":1},"f":{"0":26,"1":0,"2":27,"3":2,"4":4,"5":9,"6":2,"7":2,"8":2,"9":3,"10":3,"11":2,"12":2,"13":2,"14":3},"b":{"0":[0,3],"1":[3,3],"2":[1,8],"3":[1,1],"4":[1,1],"5":[2,1],"6":[1,4],"7":[2,1],"8":[1,1],"9":[1,1],"10":[1,1],"11":[0,0],"12":[2,1],"13":[1,0],"14":[1,1]},"inputSourceMap":{"version":3,"file":"/home/usuario/dsi/practicas/ull-esit-inf-dsi-22-23-prct07-destravate-datamodel-grupok/src/colecciones/coleccionReto.ts","sources":["/home/usuario/dsi/practicas/ull-esit-inf-dsi-22-23-prct07-destravate-datamodel-grupok/src/colecciones/coleccionReto.ts"],"names":[],"mappings":";;;AAEA,0CAAuC;AAEvC;;GAEG;AACH,MAAa,aAAa;IAChB,KAAK,GAAsB,IAAI,GAAG,EAAE,CAAC;IAE7C;;OAEG;IACH;QACE,IAAI,CAAC,KAAK,GAAG,IAAI,GAAG,EAAE,CAAC;IACzB,CAAC;IAED;;OAEG;IACH,CAAC,MAAM,CAAC,QAAQ,CAAC;QACf,OAAO,IAAI,CAAC,KAAK,CAAC,MAAM,EAAE,CAAC;IAC7B,CAAC;IAED;;;OAGG;IACI,QAAQ,CAAC,KAAwB;QACtC,IAAI,CAAC,KAAK,GAAG,KAAK,CAAC;IACrB,CAAC;IAED;;;OAGG;IACI,iBAAiB,CAAC,KAAa;QACpC,KAAK,MAAM,IAAI,IAAI,KAAK,EAAE;YACxB,IAAI,IAAI,YAAY,WAAI,IAAI,CAAC,IAAI,CAAC,KAAK,CAAC,GAAG,CAAC,IAAI,CAAC,KAAK,EAAE,CAAC,EAAE;gBACzD,IAAI,CAAC,KAAK,CAAC,GAAG,CAAC,IAAI,CAAC,KAAK,EAAE,EAAE,IAAI,CAAC,CAAC;aACpC;SACF;IACH,CAAC;IAED;;;OAGG;IACI,QAAQ;QACb,OAAO,IAAI,CAAC,KAAK,CAAC;IACpB,CAAC;IAED;;OAEG;IACI,OAAO,CAAC,EAAU;QACvB,MAAM,IAAI,GAAG,IAAI,CAAC,KAAK,CAAC,GAAG,CAAC,EAAE,CAAC,CAAC;QAChC,IAAI,IAAI,IAAI,SAAS,EAAE;YACrB,MAAM,IAAI,KAAK,CAAC,mBAAmB,CAAC,CAAC;SACtC;QACD,OAAO,IAAI,CAAC;IACd,CAAC;IAED;;OAEG;IACI,MAAM;QACX,OAAO,CAAC,KAAK,EAAE,CAAC;QAChB,OAAO,CAAC,GAAG,CAAC,mBAAmB,CAAC,CAAC;QACjC,KAAK,MAAM,IAAI,IAAI,IAAI,CAAC,KAAK,CAAC,MAAM,EAAE,EAAE;YACtC,OAAO,CAAC,GAAG,CAAC,IAAI,CAAC,CAAC;SACnB;IACH,CAAC;IAED;;;OAGG;IACI,QAAQ,CAAC,IAAU;QACxB,IAAI,IAAI,CAAC,KAAK,CAAC,GAAG,CAAC,IAAI,CAAC,KAAK,EAAE,CAAC,EAAE;YAChC,MAAM,IAAI,KAAK,CAAC,mBAAmB,CAAC,CAAC;YACrC,oCAAoC;YACpC,UAAU;SACX;QACD,IAAI,CAAC,KAAK,CAAC,GAAG,CAAC,IAAI,CAAC,KAAK,EAAE,EAAE,IAAI,CAAC,CAAC;IACrC,CAAC;IAED;;;OAGG;IACI,QAAQ,CAAC,IAAU;QACxB,IAAI,IAAI,CAAC,KAAK,CAAC,GAAG,CAAC,IAAI,CAAC,KAAK,EAAE,CAAC,EAAE;YAChC,IAAI,CAAC,KAAK,CAAC,MAAM,CAAC,IAAI,CAAC,KAAK,EAAE,CAAC,CAAC;SACjC;aACI;YACH,MAAM,IAAI,KAAK,CAAC,uCAAuC,CAAC,CAAC;YACzD,yDAAyD;SAC1D;IACH,CAAC;IAED;;;;;MAKE;IACK,eAAe,CAAC,IAAU,EAAE,MAAc;QAC/C,IAAI,IAAI,CAAC,KAAK,CAAC,GAAG,CAAC,IAAI,CAAC,KAAK,EAAE,CAAC,EAAE;YAChC,yCAAyC;YACzC,wCAAwC;YACxC,MAAM,WAAW,GAAG,MAAM,CAAC;YAC3B,KAAK,MAAM,CAAC,IAAI,IAAI,CAAC,KAAK,CAAC,MAAM,EAAE,EAAE;gBACnC,IAAI,CAAC,CAAC,SAAS,EAAE,KAAK,WAAW,EAAE;oBACjC,MAAM,IAAI,KAAK,CAAC,qBAAqB,GAAG,WAAW,GAAG,YAAY,CAAC,CAAC;iBACrE;aACF;YACD,IAAI,CAAC,SAAS,CAAC,MAAM,CAAC,CAAC;SACxB;aACI;YACH,OAAO,CAAC,GAAG,CAAC,yCAAyC,CAAC,CAAC;YACvD,MAAM,IAAI,KAAK,CAAC,wCAAwC,CAAC,CAAC;SAC3D;IACH,CAAC;IAED;;;;OAIG;IACI,OAAO,CAAC,IAAU,EAAE,IAAY;QACrC,IAAI,IAAI,CAAC,KAAK,CAAC,GAAG,CAAC,IAAI,CAAC,KAAK,EAAE,CAAC,EAAE;YAChC,IAAI,CAAC,OAAO,CAAC,IAAI,CAAC,CAAC;SACpB;aACI;YACH,MAAM,IAAI,KAAK,CAAC,gDAAgD,CAAC,CAAC;YAClE,kEAAkE;SACnE;IACH,CAAC;IAED;;;;OAIG;IACI,SAAS,CAAC,IAAU,EAAE,IAAY;QACvC,IAAI,IAAI,CAAC,KAAK,CAAC,GAAG,CAAC,IAAI,CAAC,KAAK,EAAE,CAAC,EAAE;YAChC,IAAI,CAAC,UAAU,CAAC,IAAI,CAAC,CAAC;SACvB;aACI;YACH,MAAM,IAAI,KAAK,CAAC,mDAAmD,CAAC,CAAC;YACrE,qEAAqE;SACtE;IACH,CAAC;IAED;;;;OAIG;IACI,kBAAkB,CAAC,IAAU,EAAE,IAAe;QACnD,IAAI,IAAI,CAAC,KAAK,CAAC,GAAG,CAAC,IAAI,CAAC,KAAK,EAAE,CAAC,EAAE;YAChC,IAAI,CAAC,gBAAgB,CAAC,IAAI,CAAC,CAAC;SAC7B;aACI;YACH,MAAM,IAAI,KAAK,CAAC,wCAAwC,CAAC,CAAC;YAC1D,0DAA0D;SAC3D;IACH,CAAC;IAEM,UAAU,CAAC,IAAU,EAAE,OAAe;QAC3C,IAAI,IAAI,CAAC,KAAK,CAAC,GAAG,CAAC,IAAI,CAAC,KAAK,EAAE,CAAC,EAAE;YAChC,iDAAiD;YACjD,MAAM,QAAQ,GAAG,IAAI,CAAC,WAAW,EAAE,CAAC;YACpC,KAAK,MAAM,CAAC,IAAI,QAAQ,EAAE;gBACxB,IAAI,CAAC,KAAK,OAAO,EAAE;oBACjB,MAAM,IAAI,KAAK,CAAC,+BAA+B,CAAC,CAAC;iBAClD;aACF;YACD,IAAI,CAAC,UAAU,CAAC,OAAO,CAAC,CAAC;SAC1B;aACI;YACH,MAAM,IAAI,KAAK,CAAC,mDAAmD,CAAC,CAAC;YACrE,qEAAqE;SACtE;IACH,CAAC;IAEM,YAAY,CAAC,IAAU,EAAE,OAAe;QAC7C,IAAI,IAAI,CAAC,KAAK,CAAC,GAAG,CAAC,IAAI,CAAC,KAAK,EAAE,CAAC,EAAE;YAChC,2CAA2C;YAC3C,MAAM,QAAQ,GAAG,IAAI,CAAC,WAAW,EAAE,CAAC;YACpC,IAAI,UAAU,GAAG,KAAK,CAAC;YACvB,KAAK,MAAM,CAAC,IAAI,QAAQ,EAAE;gBACxB,IAAI,CAAC,KAAK,OAAO,EAAE;oBACjB,UAAU,GAAG,IAAI,CAAC;iBACnB;aACF;YACD,IAAI,CAAC,UAAU,EAAE;gBACf,MAAM,IAAI,KAAK,CAAC,+BAA+B,CAAC,CAAC;aAClD;iBACI;gBACH,IAAI,CAAC,aAAa,CAAC,OAAO,CAAC,CAAC;aAC7B;SACF;aACI;YACH,MAAM,IAAI,KAAK,CAAC,sDAAsD,CAAC,CAAC;YACxE,wEAAwE;SACzE;IACH,CAAC;CACF;AA1MD,sCA0MC","sourcesContent":["import { Actividad } from \"../enums/actividadEnum\";\nimport { Coleccion } from \"../interfaces/coleccion\";\nimport { Reto } from \"../modelos/reto\";\n\n/**\n * Clase que implemente Colección y la especifica para retos\n */\nexport class ColeccionReto implements Coleccion<Reto> {\n  private retos: Map<number, Reto> = new Map();\n\n  /**\n   * Constructor de la clase\n   */\n  constructor() {\n    this.retos = new Map();\n  }\n\n  /**\n   * Hace posible que la clase ColeccionReto sea iterable\n   */\n  [Symbol.iterator]() {\n    return this.retos.values();\n  }\n\n  /**\n   * Setter de los retos (entrada en formato map)\n   * @param retos Retos en formato map\n   */\n  public setRetos(retos: Map<number, Reto>): void {\n    this.retos = retos;\n  }\n\n  /**\n   * Setter de los retos (entrada en formato array)\n   * @param retos Retos en formato array\n   */\n  public setRetosFromArray(retos: Reto[]): void {\n    for (const reto of retos) {\n      if (reto instanceof Reto && !this.retos.has(reto.getID())) {\n        this.retos.set(reto.getID(), reto);\n      }\n    }\n  }\n\n  /**\n   * Getter de los retos\n   * @returns Map con los retos\n   */\n  public getRetos(): Map<number, Reto> {\n    return this.retos;\n  }\n\n  /**\n   * Metodo para obtener un reto por su id\n   */\n  public getReto(id: number): Reto {\n    const reto = this.retos.get(id);\n    if (reto == undefined) {\n      throw new Error(\"El reto no existe\");\n    }\n    return reto;\n  }\n\n  /**\n   * Método que permite lista los retos\n   */\n  public listar(): void {\n    console.clear();\n    console.log('Listando retos...');\n    for (const reto of this.retos.values()) {\n      console.log(reto);\n    }\n  }\n\n  /**\n   * Método que permite insertar un reto\n   * @param reto Reto a añadir\n   */\n  public insertar(reto: Reto): void {\n    if (this.retos.has(reto.getID())) {\n      throw new Error(\"El reto ya existe\");\n      // console.log('El reto ya existe');\n      // return;\n    }\n    this.retos.set(reto.getID(), reto);\n  }\n\n  /**\n   * Método que permite insertar un reto\n   * @param reto Reto a eliminar\n   */\n  public eliminar(reto: Reto) {\n    if (this.retos.has(reto.getID())) {\n      this.retos.delete(reto.getID());\n    }\n    else {\n      throw new Error(\"El reto que deseas eliminar no existe\");\n      // console.log(\"El reto que deseas eliminar no existe.\");\n    }\n  }\n\n  /**\n   * Método que permite modificar el nombre de un reto\n   * @param reto Reto a modificar\n   * @param nombre Nombre nuevo del reto\n   * @returns void\n  */\n  public modificarNombre(reto: Reto, nombre: string): void {\n    if (this.retos.has(reto.getID())) {\n      // comprobar si el nombre nuevo ya existe\n      // const nuevoNombre = reto.getNombre();\n      const nuevoNombre = nombre;\n      for (const u of this.retos.values()) {\n        if (u.getNombre() === nuevoNombre) {\n          throw new Error('El reto con nombre ' + nuevoNombre + ' ya existe');\n        }\n      }\n      reto.setNombre(nombre);\n    }\n    else {\n      console.log(\"El reto que deseas modificar no existe.\");\n      throw new Error('El reto que deseas modificar no existe');\n    }\n  }\n\n  /**\n   * Método que permite añadir una ruta a un reto\n   * @param reto Reto al que añadir la ruta\n   * @param ruta Ruta a añadir\n   */\n  public addRuta(reto: Reto, ruta: number): void {\n    if (this.retos.has(reto.getID())) {\n      reto.addRuta(ruta);\n    }\n    else {\n      throw new Error('El reto al que deseas añadir la ruta no existe');\n      // console.log(\"El reto al que deseas añadir la ruta no existe.\");\n    }\n  }\n\n  /**\n   * Método que permite eliminar una ruta de un reto\n   * @param reto Reto del que eliminar la ruta\n   * @param ruta Ruta a eliminar\n   */\n  public eraseRuta(reto: Reto, ruta: number): void {\n    if (this.retos.has(reto.getID())) {\n      reto.removeRuta(ruta);\n    }\n    else {\n      throw new Error('El reto del que deseas eliminar la ruta no existe');\n      // console.log(\"El reto del que deseas eliminar la ruta no existe.\");\n    }\n  }\n\n  /**\n   * Método que permite modificar el tipo de actividad de un reto\n   * @param reto Reto a modificar\n   * @param tipo Tipo de actividad nuevo del reto\n   */\n  public modificarActividad(reto: Reto, tipo: Actividad): void {\n    if (this.retos.has(reto.getID())) {\n      reto.setTipoActividad(tipo);\n    }\n    else {\n      throw new Error('El reto que deseas modificar no existe');\n      // console.log(\"El reto que deseas modificar no existe.\");\n    }\n  }\n\n  public addUsuario(reto: Reto, usuario: number): void {\n    if (this.retos.has(reto.getID())) {\n      // comprobar que el usuario no está ya en el reto\n      const usuarios = reto.getUsuarios();\n      for (const u of usuarios) {\n        if (u === usuario) {\n          throw new Error('El usuario ya está en el reto');\n        }\n      }\n      reto.addUsuario(usuario);\n    }\n    else {\n      throw new Error('El reto al que deseas añadir el usuario no existe');\n      // console.log(\"El reto al que deseas añadir el usuario no existe.\");\n    }\n  }\n\n  public eraseUsuario(reto: Reto, usuario: number): void {\n    if (this.retos.has(reto.getID())) {\n      // comprobar que el usuario está en el reto\n      const usuarios = reto.getUsuarios();\n      let encontrado = false;\n      for (const u of usuarios) {\n        if (u === usuario) {\n          encontrado = true;\n        }\n      }\n      if (!encontrado) {\n        throw new Error('El usuario no está en el reto');\n      }\n      else {\n        reto.removeUsuario(usuario);\n      }\n    }\n    else {\n      throw new Error('El reto del que deseas eliminar el usuario no existe');\n      // console.log(\"El reto del que deseas eliminar el usuario no existe.\");\n    }\n  }\n}\n\n\n  "]},"_coverageSchema":"1a1c01bbd47fc00a2c39e90264f33305004495a9","hash":"c14d14fbe94a7e290e13019355989b198f85289c","contentHash":"7dc79dd453cd0f7b8ea986e64617f94d179177558fc20346a90032d2ac0e435a"},"/home/usuario/dsi/practicas/ull-esit-inf-dsi-22-23-prct07-destravate-datamodel-grupok/src/modelos/reto.ts":{"path":"/home/usuario/dsi/practicas/ull-esit-inf-dsi-22-23-prct07-destravate-datamodel-grupok/src/modelos/reto.ts","statementMap":{"0":{"start":{"line":2,"column":0},"end":{"line":2,"column":62}},"1":{"start":{"line":3,"column":0},"end":{"line":3,"column":22}},"2":{"start":{"line":4,"column":18},"end":{"line":4,"column":19}},"3":{"start":{"line":8,"column":12},"end":{"line":8,"column":14}},"4":{"start":{"line":10,"column":16},"end":{"line":10,"column":17}},"5":{"start":{"line":11,"column":15},"end":{"line":11,"column":17}},"6":{"start":{"line":13,"column":8},"end":{"line":13,"column":32}},"7":{"start":{"line":14,"column":8},"end":{"line":14,"column":29}},"8":{"start":{"line":15,"column":8},"end":{"line":15,"column":43}},"9":{"start":{"line":19,"column":8},"end":{"line":19,"column":23}},"10":{"start":{"line":22,"column":8},"end":{"line":22,"column":27}},"11":{"start":{"line":25,"column":8},"end":{"line":25,"column":26}},"12":{"start":{"line":28,"column":8},"end":{"line":28,"column":34}},"13":{"start":{"line":31,"column":8},"end":{"line":31,"column":30}},"14":{"start":{"line":34,"column":8},"end":{"line":34,"column":29}},"15":{"start":{"line":36,"column":12},"end":{"line":41,"column":5}},"16":{"start":{"line":37,"column":8},"end":{"line":37,"column":21}},"17":{"start":{"line":38,"column":8},"end":{"line":40,"column":9}},"18":{"start":{"line":39,"column":12},"end":{"line":39,"column":29}},"19":{"start":{"line":44,"column":8},"end":{"line":44,"column":29}},"20":{"start":{"line":47,"column":8},"end":{"line":47,"column":27}},"21":{"start":{"line":50,"column":8},"end":{"line":50,"column":43}},"22":{"start":{"line":53,"column":8},"end":{"line":53,"column":35}},"23":{"start":{"line":56,"column":8},"end":{"line":56,"column":33}},"24":{"start":{"line":59,"column":8},"end":{"line":59,"column":31}},"25":{"start":{"line":62,"column":8},"end":{"line":62,"column":74}},"26":{"start":{"line":62,"column":58},"end":{"line":62,"column":72}},"27":{"start":{"line":65,"column":8},"end":{"line":65,"column":28}},"28":{"start":{"line":68,"column":8},"end":{"line":68,"column":62}},"29":{"start":{"line":68,"column":49},"end":{"line":68,"column":60}},"30":{"start":{"line":71,"column":0},"end":{"line":71,"column":20}}},"fnMap":{"0":{"name":"(anonymous_0)","decl":{"start":{"line":12,"column":4},"end":{"line":12,"column":5}},"loc":{"start":{"line":12,"column":39},"end":{"line":16,"column":5}},"line":12},"1":{"name":"(anonymous_1)","decl":{"start":{"line":18,"column":4},"end":{"line":18,"column":5}},"loc":{"start":{"line":18,"column":12},"end":{"line":20,"column":5}},"line":18},"2":{"name":"(anonymous_2)","decl":{"start":{"line":21,"column":4},"end":{"line":21,"column":5}},"loc":{"start":{"line":21,"column":16},"end":{"line":23,"column":5}},"line":21},"3":{"name":"(anonymous_3)","decl":{"start":{"line":24,"column":4},"end":{"line":24,"column":5}},"loc":{"start":{"line":24,"column":15},"end":{"line":26,"column":5}},"line":24},"4":{"name":"(anonymous_4)","decl":{"start":{"line":27,"column":4},"end":{"line":27,"column":5}},"loc":{"start":{"line":27,"column":23},"end":{"line":29,"column":5}},"line":27},"5":{"name":"(anonymous_5)","decl":{"start":{"line":30,"column":4},"end":{"line":30,"column":5}},"loc":{"start":{"line":30,"column":19},"end":{"line":32,"column":5}},"line":30},"6":{"name":"(anonymous_6)","decl":{"start":{"line":33,"column":4},"end":{"line":33,"column":5}},"loc":{"start":{"line":33,"column":18},"end":{"line":35,"column":5}},"line":33},"7":{"name":"(anonymous_7)","decl":{"start":{"line":36,"column":12},"end":{"line":36,"column":13}},"loc":{"start":{"line":36,"column":20},"end":{"line":41,"column":5}},"line":36},"8":{"name":"(anonymous_8)","decl":{"start":{"line":43,"column":4},"end":{"line":43,"column":5}},"loc":{"start":{"line":43,"column":22},"end":{"line":45,"column":5}},"line":43},"9":{"name":"(anonymous_9)","decl":{"start":{"line":46,"column":4},"end":{"line":46,"column":5}},"loc":{"start":{"line":46,"column":20},"end":{"line":48,"column":5}},"line":46},"10":{"name":"(anonymous_10)","decl":{"start":{"line":49,"column":4},"end":{"line":49,"column":5}},"loc":{"start":{"line":49,"column":36},"end":{"line":51,"column":5}},"line":49},"11":{"name":"(anonymous_11)","decl":{"start":{"line":52,"column":4},"end":{"line":52,"column":5}},"loc":{"start":{"line":52,"column":28},"end":{"line":54,"column":5}},"line":52},"12":{"name":"(anonymous_12)","decl":{"start":{"line":55,"column":4},"end":{"line":55,"column":5}},"loc":{"start":{"line":55,"column":26},"end":{"line":57,"column":5}},"line":55},"13":{"name":"(anonymous_13)","decl":{"start":{"line":58,"column":4},"end":{"line":58,"column":5}},"loc":{"start":{"line":58,"column":19},"end":{"line":60,"column":5}},"line":58},"14":{"name":"(anonymous_14)","decl":{"start":{"line":61,"column":4},"end":{"line":61,"column":5}},"loc":{"start":{"line":61,"column":22},"end":{"line":63,"column":5}},"line":61},"15":{"name":"(anonymous_15)","decl":{"start":{"line":62,"column":45},"end":{"line":62,"column":46}},"loc":{"start":{"line":62,"column":58},"end":{"line":62,"column":72}},"line":62},"16":{"name":"(anonymous_16)","decl":{"start":{"line":64,"column":4},"end":{"line":64,"column":5}},"loc":{"start":{"line":64,"column":16},"end":{"line":66,"column":5}},"line":64},"17":{"name":"(anonymous_17)","decl":{"start":{"line":67,"column":4},"end":{"line":67,"column":5}},"loc":{"start":{"line":67,"column":19},"end":{"line":69,"column":5}},"line":67},"18":{"name":"(anonymous_18)","decl":{"start":{"line":68,"column":39},"end":{"line":68,"column":40}},"loc":{"start":{"line":68,"column":49},"end":{"line":68,"column":60}},"line":68}},"branchMap":{"0":{"loc":{"start":{"line":38,"column":8},"end":{"line":40,"column":9}},"type":"if","locations":[{"start":{"line":38,"column":8},"end":{"line":40,"column":9}},{"start":{"line":38,"column":8},"end":{"line":40,"column":9}}],"line":38}},"s":{"0":1,"1":1,"2":1,"3":29,"4":29,"5":29,"6":29,"7":29,"8":29,"9":113,"10":10,"11":8,"12":5,"13":4,"14":11,"15":29,"16":1,"17":1,"18":0,"19":3,"20":1,"21":3,"22":1,"23":1,"24":3,"25":2,"26":2,"27":4,"28":2,"29":3,"30":1},"f":{"0":29,"1":113,"2":10,"3":8,"4":5,"5":4,"6":11,"7":1,"8":3,"9":1,"10":3,"11":1,"12":1,"13":3,"14":2,"15":2,"16":4,"17":2,"18":3},"b":{"0":[0,1]},"inputSourceMap":{"version":3,"file":"/home/usuario/dsi/practicas/ull-esit-inf-dsi-22-23-prct07-destravate-datamodel-grupok/src/modelos/reto.ts","sources":["/home/usuario/dsi/practicas/ull-esit-inf-dsi-22-23-prct07-destravate-datamodel-grupok/src/modelos/reto.ts"],"names":[],"mappings":";;;AAGA,IAAI,WAAW,GAAG,CAAC,CAAC;AAEpB,MAAa,IAAI;IACb,EAAE,CAAS;IACX,MAAM,CAAS;IACf,KAAK,GAAa,EAAE,CAAC;IACrB,aAAa,CAAY;IACzB,SAAS,GAAW,CAAC,CAAC;IACtB,QAAQ,GAAa,EAAE,CAAC;IAExB,YAAY,MAAc,EAAE,aAAwB;QAClD,IAAI,CAAC,EAAE,GAAG,WAAW,EAAE,CAAC;QACxB,IAAI,CAAC,MAAM,GAAG,MAAM,CAAC;QACrB,IAAI,CAAC,aAAa,GAAG,aAAa,CAAC;IACrC,CAAC;IAED,mDAAmD;IAC5C,KAAK;QACV,OAAO,IAAI,CAAC,EAAE,CAAC;IACjB,CAAC;IAEM,SAAS;QACd,OAAO,IAAI,CAAC,MAAM,CAAC;IACrB,CAAC;IAEM,QAAQ;QACb,OAAO,IAAI,CAAC,KAAK,CAAC;IACpB,CAAC;IAEM,gBAAgB;QACrB,OAAO,IAAI,CAAC,aAAa,CAAC;IAC5B,CAAC;IAEM,YAAY;QACjB,OAAO,IAAI,CAAC,SAAS,CAAC;IACxB,CAAC;IAEM,WAAW;QAChB,OAAO,IAAI,CAAC,QAAQ,CAAC;IACvB,CAAC;IAED,KAAK,GAAG,CAAC,EAAU,EAAQ,EAAE;QAC3B,IAAI,CAAC,EAAE,GAAG,EAAE,CAAC;QACb,IAAK,EAAE,GAAG,WAAW,EAAG;YACtB,WAAW,GAAG,EAAE,CAAC;SAClB;IACH,CAAC,CAAA;IAED,oDAAoD;IAC7C,SAAS,CAAC,MAAc;QAC7B,IAAI,CAAC,MAAM,GAAG,MAAM,CAAC;IACvB,CAAC;IAEM,QAAQ,CAAC,KAAe;QAC7B,IAAI,CAAC,KAAK,GAAG,KAAK,CAAC;IACrB,CAAC;IAEM,gBAAgB,CAAC,aAAwB;QAC9C,IAAI,CAAC,aAAa,GAAG,aAAa,CAAC;IACrC,CAAC;IAEM,YAAY,CAAC,SAAiB;QACnC,IAAI,CAAC,SAAS,GAAG,SAAS,CAAC;IAC7B,CAAC;IAEM,WAAW,CAAC,QAAkB;QACnC,IAAI,CAAC,QAAQ,GAAG,QAAQ,CAAC;IAC3B,CAAC;IAED,UAAU,CAAC,EAAU;QACnB,IAAI,CAAC,QAAQ,CAAC,IAAI,CAAC,EAAE,CAAC,CAAC;IACzB,CAAC;IAED,aAAa,CAAC,EAAU;QACtB,IAAI,CAAC,QAAQ,GAAG,IAAI,CAAC,QAAQ,CAAC,MAAM,CAAC,CAAC,OAAO,EAAE,EAAE,CAAC,OAAO,KAAK,EAAE,CAAC,CAAC;IACpE,CAAC;IAED,OAAO,CAAC,EAAU;QAChB,IAAI,CAAC,KAAK,CAAC,IAAI,CAAC,EAAE,CAAC,CAAC;IACtB,CAAC;IAED,UAAU,CAAC,EAAU;QACnB,IAAI,CAAC,KAAK,GAAG,IAAI,CAAC,KAAK,CAAC,MAAM,CAAC,CAAC,IAAI,EAAE,EAAE,CAAC,IAAI,KAAK,EAAE,CAAC,CAAC;IACxD,CAAC;CACF;AAlFH,oBAkFG","sourcesContent":["import { EntidadInterface } from \"../interfaces/entidadInterface\";\nimport { Actividad } from \"../enums/actividadEnum\";\n\nlet contador_id = 0;\n\nexport class Reto implements EntidadInterface {\n    id: number;\n    nombre: string;\n    rutas: number[] = [];\n    tipoActividad: Actividad;\n    kmTotales: number = 0;\n    usuarios: number[] = [];\n  \n    constructor(nombre: string, tipoActividad: Actividad) {\n      this.id = contador_id++;\n      this.nombre = nombre;\n      this.tipoActividad = tipoActividad;\n    }\n  \n    // Métodos para acceder a los atributos de la clase\n    public getID(): number {\n      return this.id;\n    }\n  \n    public getNombre(): string {\n      return this.nombre;\n    }\n  \n    public getRutas(): number[] {\n      return this.rutas;\n    }\n  \n    public getTipoActividad(): string {\n      return this.tipoActividad;\n    }\n  \n    public getKmTotales(): number {\n      return this.kmTotales;\n    }\n  \n    public getUsuarios(): number[] {\n      return this.usuarios;\n    }\n\n    setID = (id: number): void => {\n      this.id = id;\n      if ( id > contador_id ) {\n        contador_id = id;\n      }\n    }\n  \n    // Métodos para actualizar los atributos de la clase\n    public setNombre(nombre: string): void {\n      this.nombre = nombre;\n    }\n  \n    public setRutas(rutas: number[]): void {\n      this.rutas = rutas;\n    }\n  \n    public setTipoActividad(tipoActividad: Actividad): void {\n      this.tipoActividad = tipoActividad;\n    }\n  \n    public setKmTotales(kmTotales: number): void {\n      this.kmTotales = kmTotales;\n    }\n  \n    public setUsuarios(usuarios: number[]): void {\n      this.usuarios = usuarios;\n    }\n\n    addUsuario(id: number): void {\n      this.usuarios.push(id);\n    }\n\n    removeUsuario(id: number): void {\n      this.usuarios = this.usuarios.filter((usuario) => usuario !== id);\n    }\n\n    addRuta(id: number): void {\n      this.rutas.push(id);\n    }\n\n    removeRuta(id: number): void {\n      this.rutas = this.rutas.filter((ruta) => ruta !== id);\n    }\n  }\n  "]},"_coverageSchema":"1a1c01bbd47fc00a2c39e90264f33305004495a9","hash":"0f00a351e9efa192b398c44303ef20e4aee10800","contentHash":"52f95fc3f8544dc6e04fac783a14db55c41ae5a7c606d55c2f0f34bc6dbaedc3"},"/home/usuario/dsi/practicas/ull-esit-inf-dsi-22-23-prct07-destravate-datamodel-grupok/src/enums/actividadEnum.ts":{"path":"/home/usuario/dsi/practicas/ull-esit-inf-dsi-22-23-prct07-destravate-datamodel-grupok/src/enums/actividadEnum.ts","statementMap":{"0":{"start":{"line":2,"column":0},"end":{"line":2,"column":62}},"1":{"start":{"line":3,"column":0},"end":{"line":3,"column":27}},"2":{"start":{"line":8,"column":0},"end":{"line":11,"column":62}},"3":{"start":{"line":9,"column":4},"end":{"line":9,"column":39}},"4":{"start":{"line":10,"column":4},"end":{"line":10,"column":37}}},"fnMap":{"0":{"name":"(anonymous_0)","decl":{"start":{"line":8,"column":1},"end":{"line":8,"column":2}},"loc":{"start":{"line":8,"column":22},"end":{"line":11,"column":1}},"line":8}},"branchMap":{"0":{"loc":{"start":{"line":11,"column":15},"end":{"line":11,"column":60}},"type":"binary-expr","locations":[{"start":{"line":11,"column":15},"end":{"line":11,"column":32}},{"start":{"line":11,"column":37},"end":{"line":11,"column":59}}],"line":11}},"s":{"0":1,"1":1,"2":1,"3":1,"4":1},"f":{"0":1},"b":{"0":[1,1]},"inputSourceMap":{"version":3,"file":"/home/usuario/dsi/practicas/ull-esit-inf-dsi-22-23-prct07-destravate-datamodel-grupok/src/enums/actividadEnum.ts","sources":["/home/usuario/dsi/practicas/ull-esit-inf-dsi-22-23-prct07-destravate-datamodel-grupok/src/enums/actividadEnum.ts"],"names":[],"mappings":";;;AAAA;;GAEG;AACH,IAAY,SAGX;AAHD,WAAY,SAAS;IACnB,kCAAqB,CAAA;IACrB,gCAAmB,CAAA;AACrB,CAAC,EAHW,SAAS,GAAT,iBAAS,KAAT,iBAAS,QAGpB","sourcesContent":["/**\n * Enumerado de actividades\n */\nexport enum Actividad {\n  ciclismo = 'ciclismo',\n  running = 'running',\n}"]},"_coverageSchema":"1a1c01bbd47fc00a2c39e90264f33305004495a9","hash":"b75491f795e03b71b390b3609bda654739f8ee7a","contentHash":"5262d400889c62f1b6850154a497473c5c21ee78503067e93533f32e339330c0"},"/home/usuario/dsi/practicas/ull-esit-inf-dsi-22-23-prct07-destravate-datamodel-grupok/src/modelos/ruta.ts":{"path":"/home/usuario/dsi/practicas/ull-esit-inf-dsi-22-23-prct07-destravate-datamodel-grupok/src/modelos/ruta.ts","statementMap":{"0":{"start":{"line":2,"column":0},"end":{"line":2,"column":62}},"1":{"start":{"line":3,"column":0},"end":{"line":3,"column":22}},"2":{"start":{"line":4,"column":18},"end":{"line":4,"column":19}},"3":{"start":{"line":12,"column":25},"end":{"line":12,"column":27}},"4":{"start":{"line":15,"column":19},"end":{"line":15,"column":20}},"5":{"start":{"line":17,"column":8},"end":{"line":17,"column":22}},"6":{"start":{"line":18,"column":8},"end":{"line":18,"column":30}},"7":{"start":{"line":19,"column":8},"end":{"line":19,"column":29}},"8":{"start":{"line":20,"column":8},"end":{"line":20,"column":51}},"9":{"start":{"line":21,"column":8},"end":{"line":21,"column":45}},"10":{"start":{"line":22,"column":8},"end":{"line":22,"column":33}},"11":{"start":{"line":23,"column":8},"end":{"line":23,"column":33}},"12":{"start":{"line":24,"column":8},"end":{"line":24,"column":43}},"13":{"start":{"line":25,"column":8},"end":{"line":25,"column":37}},"14":{"start":{"line":27,"column":8},"end":{"line":27,"column":58}},"15":{"start":{"line":31,"column":8},"end":{"line":31,"column":23}},"16":{"start":{"line":34,"column":8},"end":{"line":34,"column":27}},"17":{"start":{"line":37,"column":8},"end":{"line":37,"column":38}},"18":{"start":{"line":40,"column":8},"end":{"line":40,"column":35}},"19":{"start":{"line":43,"column":8},"end":{"line":43,"column":29}},"20":{"start":{"line":46,"column":8},"end":{"line":46,"column":29}},"21":{"start":{"line":49,"column":8},"end":{"line":49,"column":39}},"22":{"start":{"line":52,"column":8},"end":{"line":52,"column":34}},"23":{"start":{"line":55,"column":8},"end":{"line":55,"column":31}},"24":{"start":{"line":58,"column":8},"end":{"line":58,"column":33}},"25":{"start":{"line":60,"column":12},"end":{"line":65,"column":5}},"26":{"start":{"line":61,"column":8},"end":{"line":61,"column":21}},"27":{"start":{"line":62,"column":8},"end":{"line":64,"column":9}},"28":{"start":{"line":63,"column":12},"end":{"line":63,"column":29}},"29":{"start":{"line":67,"column":8},"end":{"line":67,"column":29}},"30":{"start":{"line":70,"column":8},"end":{"line":70,"column":51}},"31":{"start":{"line":73,"column":8},"end":{"line":73,"column":45}},"32":{"start":{"line":76,"column":8},"end":{"line":76,"column":33}},"33":{"start":{"line":79,"column":8},"end":{"line":79,"column":33}},"34":{"start":{"line":82,"column":8},"end":{"line":82,"column":53}},"35":{"start":{"line":85,"column":8},"end":{"line":85,"column":43}},"36":{"start":{"line":88,"column":8},"end":{"line":88,"column":37}},"37":{"start":{"line":91,"column":8},"end":{"line":91,"column":41}},"38":{"start":{"line":94,"column":8},"end":{"line":94,"column":48}},"39":{"start":{"line":98,"column":8},"end":{"line":98,"column":89}},"40":{"start":{"line":98,"column":71},"end":{"line":98,"column":87}},"41":{"start":{"line":101,"column":0},"end":{"line":101,"column":20}}},"fnMap":{"0":{"name":"(anonymous_0)","decl":{"start":{"line":16,"column":4},"end":{"line":16,"column":5}},"loc":{"start":{"line":16,"column":106},"end":{"line":28,"column":5}},"line":16},"1":{"name":"(anonymous_1)","decl":{"start":{"line":30,"column":4},"end":{"line":30,"column":5}},"loc":{"start":{"line":30,"column":12},"end":{"line":32,"column":5}},"line":30},"2":{"name":"(anonymous_2)","decl":{"start":{"line":33,"column":4},"end":{"line":33,"column":5}},"loc":{"start":{"line":33,"column":16},"end":{"line":35,"column":5}},"line":33},"3":{"name":"(anonymous_3)","decl":{"start":{"line":36,"column":4},"end":{"line":36,"column":5}},"loc":{"start":{"line":36,"column":27},"end":{"line":38,"column":5}},"line":36},"4":{"name":"(anonymous_4)","decl":{"start":{"line":39,"column":4},"end":{"line":39,"column":5}},"loc":{"start":{"line":39,"column":24},"end":{"line":41,"column":5}},"line":39},"5":{"name":"(anonymous_5)","decl":{"start":{"line":42,"column":4},"end":{"line":42,"column":5}},"loc":{"start":{"line":42,"column":18},"end":{"line":44,"column":5}},"line":42},"6":{"name":"(anonymous_6)","decl":{"start":{"line":45,"column":4},"end":{"line":45,"column":5}},"loc":{"start":{"line":45,"column":18},"end":{"line":47,"column":5}},"line":45},"7":{"name":"(anonymous_7)","decl":{"start":{"line":48,"column":4},"end":{"line":48,"column":5}},"loc":{"start":{"line":48,"column":28},"end":{"line":50,"column":5}},"line":48},"8":{"name":"(anonymous_8)","decl":{"start":{"line":51,"column":4},"end":{"line":51,"column":5}},"loc":{"start":{"line":51,"column":23},"end":{"line":53,"column":5}},"line":51},"9":{"name":"(anonymous_9)","decl":{"start":{"line":54,"column":4},"end":{"line":54,"column":5}},"loc":{"start":{"line":54,"column":20},"end":{"line":56,"column":5}},"line":54},"10":{"name":"(anonymous_10)","decl":{"start":{"line":57,"column":4},"end":{"line":57,"column":5}},"loc":{"start":{"line":57,"column":22},"end":{"line":59,"column":5}},"line":57},"11":{"name":"(anonymous_11)","decl":{"start":{"line":60,"column":12},"end":{"line":60,"column":13}},"loc":{"start":{"line":60,"column":20},"end":{"line":65,"column":5}},"line":60},"12":{"name":"(anonymous_12)","decl":{"start":{"line":66,"column":4},"end":{"line":66,"column":5}},"loc":{"start":{"line":66,"column":22},"end":{"line":68,"column":5}},"line":66},"13":{"name":"(anonymous_13)","decl":{"start":{"line":69,"column":4},"end":{"line":69,"column":5}},"loc":{"start":{"line":69,"column":44},"end":{"line":71,"column":5}},"line":69},"14":{"name":"(anonymous_14)","decl":{"start":{"line":72,"column":4},"end":{"line":72,"column":5}},"loc":{"start":{"line":72,"column":38},"end":{"line":74,"column":5}},"line":72},"15":{"name":"(anonymous_15)","decl":{"start":{"line":75,"column":4},"end":{"line":75,"column":5}},"loc":{"start":{"line":75,"column":26},"end":{"line":77,"column":5}},"line":75},"16":{"name":"(anonymous_16)","decl":{"start":{"line":78,"column":4},"end":{"line":78,"column":5}},"loc":{"start":{"line":78,"column":26},"end":{"line":80,"column":5}},"line":78},"17":{"name":"(anonymous_17)","decl":{"start":{"line":81,"column":4},"end":{"line":81,"column":5}},"loc":{"start":{"line":81,"column":46},"end":{"line":83,"column":5}},"line":81},"18":{"name":"(anonymous_18)","decl":{"start":{"line":84,"column":4},"end":{"line":84,"column":5}},"loc":{"start":{"line":84,"column":36},"end":{"line":86,"column":5}},"line":84},"19":{"name":"(anonymous_19)","decl":{"start":{"line":87,"column":4},"end":{"line":87,"column":5}},"loc":{"start":{"line":87,"column":30},"end":{"line":89,"column":5}},"line":87},"20":{"name":"(anonymous_20)","decl":{"start":{"line":90,"column":4},"end":{"line":90,"column":5}},"loc":{"start":{"line":90,"column":34},"end":{"line":92,"column":5}},"line":90},"21":{"name":"(anonymous_21)","decl":{"start":{"line":93,"column":4},"end":{"line":93,"column":5}},"loc":{"start":{"line":93,"column":35},"end":{"line":95,"column":5}},"line":93},"22":{"name":"(anonymous_22)","decl":{"start":{"line":96,"column":4},"end":{"line":96,"column":5}},"loc":{"start":{"line":96,"column":38},"end":{"line":99,"column":5}},"line":96},"23":{"name":"(anonymous_23)","decl":{"start":{"line":98,"column":65},"end":{"line":98,"column":66}},"loc":{"start":{"line":98,"column":71},"end":{"line":98,"column":87}},"line":98}},"branchMap":{"0":{"loc":{"start":{"line":62,"column":8},"end":{"line":64,"column":9}},"type":"if","locations":[{"start":{"line":62,"column":8},"end":{"line":64,"column":9}},{"start":{"line":62,"column":8},"end":{"line":64,"column":9}}],"line":62}},"s":{"0":1,"1":1,"2":1,"3":12,"4":12,"5":12,"6":12,"7":12,"8":12,"9":12,"10":12,"11":12,"12":12,"13":12,"14":12,"15":2,"16":2,"17":2,"18":2,"19":2,"20":2,"21":4,"22":3,"23":3,"24":4,"25":12,"26":1,"27":1,"28":0,"29":1,"30":1,"31":1,"32":1,"33":1,"34":1,"35":2,"36":2,"37":2,"38":3,"39":2,"40":2,"41":1},"f":{"0":12,"1":2,"2":2,"3":2,"4":2,"5":2,"6":2,"7":4,"8":3,"9":3,"10":4,"11":1,"12":1,"13":1,"14":1,"15":1,"16":1,"17":1,"18":2,"19":2,"20":2,"21":3,"22":2,"23":2},"b":{"0":[0,1]},"inputSourceMap":{"version":3,"file":"/home/usuario/dsi/practicas/ull-esit-inf-dsi-22-23-prct07-destravate-datamodel-grupok/src/modelos/ruta.ts","sources":["/home/usuario/dsi/practicas/ull-esit-inf-dsi-22-23-prct07-destravate-datamodel-grupok/src/modelos/ruta.ts"],"names":[],"mappings":";;;AAKA,IAAI,WAAW,GAAG,CAAC,CAAC;AAEpB,MAAa,IAAI;IACf,EAAE,CAAS;IACX,MAAM,CAAS;IACf,iBAAiB,CAAc;IAC/B,cAAc,CAAc;IAC5B,QAAQ,CAAS;IACjB,QAAQ,CAAS;IACjB,kBAAkB,GAAa,EAAE,CAAC;IAClC,aAAa,CAAY;IACzB,UAAU,CAAa;IACvB,YAAY,GAAW,CAAC,CAAC;IAEzB,YACE,MAAc,EACd,iBAA8B,EAC9B,cAA2B,EAC3B,QAAgB,EAChB,QAAgB,EAChB,aAAwB,EACxB,UAAsB;QAEpB,WAAW,EAAE,CAAC;QACd,IAAI,CAAC,EAAE,GAAG,WAAW,CAAC;QACtB,IAAI,CAAC,MAAM,GAAG,MAAM,CAAC;QACrB,IAAI,CAAC,iBAAiB,GAAG,iBAAiB,CAAC;QAC3C,IAAI,CAAC,cAAc,GAAG,cAAc,CAAC;QACrC,IAAI,CAAC,QAAQ,GAAG,QAAQ,CAAC;QACzB,IAAI,CAAC,QAAQ,GAAG,QAAQ,CAAC;QACzB,IAAI,CAAC,aAAa,GAAG,aAAa,CAAC;QACnC,IAAI,CAAC,UAAU,GAAG,UAAU,CAAC;QAE7B,iDAAiD;QACjD,IAAI,CAAC,YAAY,GAAG,IAAI,CAAC,KAAK,CAAC,IAAI,CAAC,MAAM,EAAE,GAAG,CAAC,CAAC,CAAC;IACpD,CAAC;IAEH,UAAU;IACV,KAAK;QACH,OAAO,IAAI,CAAC,EAAE,CAAC;IACjB,CAAC;IACD,SAAS;QACP,OAAO,IAAI,CAAC,MAAM,CAAC;IACrB,CAAC;IACD,oBAAoB;QAClB,OAAO,IAAI,CAAC,iBAAiB,CAAC;IAChC,CAAC;IACD,iBAAiB;QACf,OAAO,IAAI,CAAC,cAAc,CAAC;IAC7B,CAAC;IACD,WAAW;QACT,OAAO,IAAI,CAAC,QAAQ,CAAC;IACvB,CAAC;IACD,WAAW;QACT,OAAO,IAAI,CAAC,QAAQ,CAAC;IACvB,CAAC;IACD,qBAAqB;QACnB,OAAO,IAAI,CAAC,kBAAkB,CAAC;IACjC,CAAC;IACD,gBAAgB;QACd,OAAO,IAAI,CAAC,aAAa,CAAC;IAC5B,CAAC;IACD,aAAa;QACX,OAAO,IAAI,CAAC,UAAU,CAAC;IACzB,CAAC;IACD,eAAe;QACb,OAAO,IAAI,CAAC,YAAY,CAAC;IAC3B,CAAC;IAED,KAAK,GAAG,CAAC,EAAU,EAAQ,EAAE;QAC3B,IAAI,CAAC,EAAE,GAAG,EAAE,CAAC;QACb,IAAK,EAAE,GAAG,WAAW,EAAG;YACtB,WAAW,GAAG,EAAE,CAAC;SAClB;IACH,CAAC,CAAA;IAED,SAAS,CAAC,MAAc;QACtB,IAAI,CAAC,MAAM,GAAG,MAAM,CAAC;IACvB,CAAC;IACD,oBAAoB,CAAC,iBAA8B;QACjD,IAAI,CAAC,iBAAiB,GAAG,iBAAiB,CAAC;IAC7C,CAAC;IACD,iBAAiB,CAAC,cAA2B;QAC3C,IAAI,CAAC,cAAc,GAAG,cAAc,CAAC;IACvC,CAAC;IACD,WAAW,CAAC,QAAgB;QAC1B,IAAI,CAAC,QAAQ,GAAG,QAAQ,CAAC;IAC3B,CAAC;IACD,WAAW,CAAC,QAAgB;QAC1B,IAAI,CAAC,QAAQ,GAAG,QAAQ,CAAC;IAC3B,CAAC;IACD,qBAAqB,CAAC,kBAA4B;QAChD,IAAI,CAAC,kBAAkB,GAAG,kBAAkB,CAAC;IAC/C,CAAC;IACD,gBAAgB,CAAC,aAAwB;QACvC,IAAI,CAAC,aAAa,GAAG,aAAa,CAAC;IACrC,CAAC;IACD,aAAa,CAAC,UAAsB;QAClC,IAAI,CAAC,UAAU,GAAG,UAAU,CAAC;IAC/B,CAAC;IACD,eAAe,CAAC,YAAoB;QAClC,IAAI,CAAC,YAAY,GAAG,YAAY,CAAC;IACnC,CAAC;IACD,mBAAmB,CAAC,SAAiB;QACnC,IAAI,CAAC,kBAAkB,CAAC,IAAI,CAAC,SAAS,CAAC,CAAC;IAC1C,CAAC;IACD,sBAAsB,CAAC,SAAiB;QACtC,oCAAoC;QACpC,IAAI,CAAC,kBAAkB,GAAG,IAAI,CAAC,kBAAkB,CAAC,MAAM,CAAE,EAAE,CAAC,EAAE,CAAC,EAAE,KAAK,SAAS,CAAE,CAAC;IACrF,CAAC;CAEF;AA7GD,oBA6GC","sourcesContent":["import { EntidadInterface } from \"../interfaces/entidadInterface\";\nimport { Actividad } from \"../enums/actividadEnum\";\nimport { Dificultad } from \"../enums/dificultadEnum\";\nimport { Coordenadas } from \"../interfaces/coordenadasInterface\";\n\nlet contador_id = 0;\n\nexport class Ruta implements EntidadInterface {\n  id: number;\n  nombre: string;\n  coordenadasInicio: Coordenadas;\n  coordenadasFin: Coordenadas;\n  longitud: number;\n  desnivel: number;\n  usuariosVisitantes: number[] = [];\n  tipoActividad: Actividad;\n  dificultad: Dificultad;\n  calificacion: number = 0;\n  \n  constructor(\n    nombre: string, \n    coordenadasInicio: Coordenadas, \n    coordenadasFin: Coordenadas, \n    longitud: number, \n    desnivel: number, \n    tipoActividad: Actividad,\n    dificultad: Dificultad) \n    {\n      contador_id++;\n      this.id = contador_id;\n      this.nombre = nombre;\n      this.coordenadasInicio = coordenadasInicio;\n      this.coordenadasFin = coordenadasFin;\n      this.longitud = longitud;\n      this.desnivel = desnivel;\n      this.tipoActividad = tipoActividad;\n      this.dificultad = dificultad;\n\n      // Ponemos una calificación aleatoria entre 0 y 5\n      this.calificacion = Math.floor(Math.random() * 6);\n    }    \n\n  // Métodos\n  getID(): number {\n    return this.id;\n  }\n  getNombre(): string {\n    return this.nombre;\n  }\n  getCoordenadasInicio(): Coordenadas {\n    return this.coordenadasInicio;\n  }\n  getCoordenadasFin(): Coordenadas {\n    return this.coordenadasFin;\n  }\n  getLongitud(): number {\n    return this.longitud;\n  }\n  getDesnivel(): number {\n    return this.desnivel;\n  } \n  getUsuariosVisitantes(): number[] {\n    return this.usuariosVisitantes;\n  }\n  getTipoActividad(): Actividad {\n    return this.tipoActividad;\n  }\n  getDificultad(): Dificultad {\n    return this.dificultad;\n  }\n  getCalificacion(): number {\n    return this.calificacion;\n  }\n\n  setID = (id: number): void => {\n    this.id = id;\n    if ( id > contador_id ) {\n      contador_id = id;\n    }\n  }\n  \n  setNombre(nombre: string): void {\n    this.nombre = nombre;\n  }\n  setCoordenadasInicio(coordenadasInicio: Coordenadas): void {\n    this.coordenadasInicio = coordenadasInicio;\n  }\n  setCoordenadasFin(coordenadasFin: Coordenadas): void {\n    this.coordenadasFin = coordenadasFin;\n  }\n  setLongitud(longitud: number): void {\n    this.longitud = longitud;\n  }\n  setDesnivel(desnivel: number): void {\n    this.desnivel = desnivel;\n  }\n  setUsuariosVisitantes(usuariosVisitantes: number[]): void {\n    this.usuariosVisitantes = usuariosVisitantes;\n  }\n  setTipoActividad(tipoActividad: Actividad): void {\n    this.tipoActividad = tipoActividad;\n  }\n  setDificultad(dificultad: Dificultad): void {\n    this.dificultad = dificultad;\n  }\n  setCalificacion(calificacion: number): void {\n    this.calificacion = calificacion;\n  }\n  addUsuarioVisitante(idUsuario: number): void {\n    this.usuariosVisitantes.push(idUsuario);\n  }\n  removeUsuarioVisitante(idUsuario: number): void {\n    // Lo borramos de usuariosVisitantes\n    this.usuariosVisitantes = this.usuariosVisitantes.filter( id => id !== idUsuario );\n  }\n  \n}"]},"_coverageSchema":"1a1c01bbd47fc00a2c39e90264f33305004495a9","hash":"09a65db3a2eee3884ccd001d921f48e248f29947","contentHash":"6fa35d70fed117e7ce2046ddd7a067b68decbe53af286faa52daf338cca3c91e"},"/home/usuario/dsi/practicas/ull-esit-inf-dsi-22-23-prct07-destravate-datamodel-grupok/src/enums/dificultadEnum.ts":{"path":"/home/usuario/dsi/practicas/ull-esit-inf-dsi-22-23-prct07-destravate-datamodel-grupok/src/enums/dificultadEnum.ts","statementMap":{"0":{"start":{"line":2,"column":0},"end":{"line":2,"column":62}},"1":{"start":{"line":3,"column":0},"end":{"line":3,"column":28}},"2":{"start":{"line":8,"column":0},"end":{"line":12,"column":65}},"3":{"start":{"line":9,"column":4},"end":{"line":9,"column":34}},"4":{"start":{"line":10,"column":4},"end":{"line":10,"column":34}},"5":{"start":{"line":11,"column":4},"end":{"line":11,"column":38}}},"fnMap":{"0":{"name":"(anonymous_0)","decl":{"start":{"line":8,"column":1},"end":{"line":8,"column":2}},"loc":{"start":{"line":8,"column":23},"end":{"line":12,"column":1}},"line":8}},"branchMap":{"0":{"loc":{"start":{"line":12,"column":16},"end":{"line":12,"column":63}},"type":"binary-expr","locations":[{"start":{"line":12,"column":16},"end":{"line":12,"column":34}},{"start":{"line":12,"column":39},"end":{"line":12,"column":62}}],"line":12}},"s":{"0":1,"1":1,"2":1,"3":1,"4":1,"5":1},"f":{"0":1},"b":{"0":[1,1]},"inputSourceMap":{"version":3,"file":"/home/usuario/dsi/practicas/ull-esit-inf-dsi-22-23-prct07-destravate-datamodel-grupok/src/enums/dificultadEnum.ts","sources":["/home/usuario/dsi/practicas/ull-esit-inf-dsi-22-23-prct07-destravate-datamodel-grupok/src/enums/dificultadEnum.ts"],"names":[],"mappings":";;;AAAA;;GAEG;AACH,IAAY,UAIX;AAJD,WAAY,UAAU;IACpB,6BAAe,CAAA;IACf,6BAAe,CAAA;IACf,iCAAmB,CAAA;AACrB,CAAC,EAJW,UAAU,GAAV,kBAAU,KAAV,kBAAU,QAIrB","sourcesContent":["/**\n * Enumerado de dificultados\n */\nexport enum Dificultad {\n  facil = 'facil',\n  media = 'media',\n  dificil = 'dificil',\n}"]},"_coverageSchema":"1a1c01bbd47fc00a2c39e90264f33305004495a9","hash":"075747fc0f385f0d359537e9cff09b30971ffbd7","contentHash":"bf976f17cb5a6c5f6b0ef49c733089bc83693da3b16d157e689420d021656917"},"/home/usuario/dsi/practicas/ull-esit-inf-dsi-22-23-prct07-destravate-datamodel-grupok/src/modelos/usuario.ts":{"path":"/home/usuario/dsi/practicas/ull-esit-inf-dsi-22-23-prct07-destravate-datamodel-grupok/src/modelos/usuario.ts","statementMap":{"0":{"start":{"line":2,"column":0},"end":{"line":2,"column":62}},"1":{"start":{"line":3,"column":0},"end":{"line":3,"column":25}},"2":{"start":{"line":4,"column":18},"end":{"line":4,"column":19}},"3":{"start":{"line":13,"column":16},"end":{"line":13,"column":18}},"4":{"start":{"line":14,"column":23},"end":{"line":14,"column":25}},"5":{"start":{"line":15,"column":19},"end":{"line":15,"column":112}},"6":{"start":{"line":16,"column":21},"end":{"line":16,"column":23}},"7":{"start":{"line":17,"column":19},"end":{"line":17,"column":21}},"8":{"start":{"line":18,"column":21},"end":{"line":18,"column":23}},"9":{"start":{"line":21,"column":8},"end":{"line":23,"column":9}},"10":{"start":{"line":22,"column":12},"end":{"line":22,"column":55}},"11":{"start":{"line":24,"column":8},"end":{"line":26,"column":9}},"12":{"start":{"line":25,"column":12},"end":{"line":25,"column":52}},"13":{"start":{"line":27,"column":8},"end":{"line":27,"column":22}},"14":{"start":{"line":28,"column":8},"end":{"line":28,"column":30}},"15":{"start":{"line":29,"column":8},"end":{"line":29,"column":29}},"16":{"start":{"line":30,"column":8},"end":{"line":30,"column":37}},"17":{"start":{"line":31,"column":8},"end":{"line":31,"column":39}},"18":{"start":{"line":34,"column":8},"end":{"line":34,"column":26}},"19":{"start":{"line":35,"column":8},"end":{"line":35,"column":32}},"20":{"start":{"line":38,"column":8},"end":{"line":38,"column":23}},"21":{"start":{"line":41,"column":8},"end":{"line":41,"column":27}},"22":{"start":{"line":44,"column":8},"end":{"line":44,"column":31}},"23":{"start":{"line":47,"column":8},"end":{"line":47,"column":32}},"24":{"start":{"line":50,"column":8},"end":{"line":50,"column":30}},"25":{"start":{"line":53,"column":8},"end":{"line":53,"column":37}},"26":{"start":{"line":56,"column":8},"end":{"line":56,"column":33}},"27":{"start":{"line":59,"column":8},"end":{"line":59,"column":35}}
[...]
start":{"line":124,"column":8},"end":{"line":124,"column":39}},"54":{"start":{"line":127,"column":8},"end":{"line":127,"column":76}},"55":{"start":{"line":127,"column":61},"end":{"line":127,"column":74}},"56":{"start":{"line":134,"column":8},"end":{"line":136,"column":9}},"57":{"start":{"line":135,"column":12},"end":{"line":135,"column":25}},"58":{"start":{"line":137,"column":8},"end":{"line":139,"column":9}},"59":{"start":{"line":138,"column":12},"end":{"line":138,"column":25}},"60":{"start":{"line":140,"column":29},"end":{"line":140,"column":51}},"61":{"start":{"line":141,"column":29},"end":{"line":141,"column":51}},"62":{"start":{"line":142,"column":26},"end":{"line":142,"column":48}},"63":{"start":{"line":143,"column":27},"end":{"line":143,"column":53}},"64":{"start":{"line":144,"column":8},"end":{"line":146,"column":9}},"65":{"start":{"line":145,"column":12},"end":{"line":145,"column":25}},"66":{"start":{"line":147,"column":8},"end":{"line":147,"column":20}},"67":{"start":{"line":150,"column":0},"end":{"line":150,"column":26}}},"fnMap":{"0":{"name":"(anonymous_0)","decl":{"start":{"line":19,"column":4},"end":{"line":19,"column":5}},"loc":{"start":{"line":19,"column":49},"end":{"line":32,"column":5}},"line":19},"1":{"name":"(anonymous_1)","decl":{"start":{"line":33,"column":4},"end":{"line":33,"column":5}},"loc":{"start":{"line":33,"column":25},"end":{"line":36,"column":5}},"line":33},"2":{"name":"(anonymous_2)","decl":{"start":{"line":37,"column":4},"end":{"line":37,"column":5}},"loc":{"start":{"line":37,"column":12},"end":{"line":39,"column":5}},"line":37},"3":{"name":"(anonymous_3)","decl":{"start":{"line":40,"column":4},"end":{"line":40,"column":5}},"loc":{"start":{"line":40,"column":16},"end":{"line":42,"column":5}},"line":40},"4":{"name":"(anonymous_4)","decl":{"start":{"line":43,"column":4},"end":{"line":43,"column":5}},"loc":{"start":{"line":43,"column":20},"end":{"line":45,"column":5}},"line":43},"5":{"name":"(anonymous_5)","decl":{"start":{"line":46,"column":4},"end":{"line":46,"column":5}},"loc":{"start":{"line":46,"column":21},"end":{"line":48,"column":5}},"line":46},"6":{"name":"(anonymous_6)","decl":{"start":{"line":49,"column":4},"end":{"line":49,"column":5}},"loc":{"start":{"line":49,"column":19},"end":{"line":51,"column":5}},"line":49},"7":{"name":"(anonymous_7)","decl":{"start":{"line":52,"column":4},"end":{"line":52,"column":5}},"loc":{"start":{"line":52,"column":26},"end":{"line":54,"column":5}},"line":52},"8":{"name":"(anonymous_8)","decl":{"start":{"line":55,"column":4},"end":{"line":55,"column":5}},"loc":{"start":{"line":55,"column":22},"end":{"line":57,"column":5}},"line":55},"9":{"name":"(anonymous_9)","decl":{"start":{"line":58,"column":4},"end":{"line":58,"column":5}},"loc":{"start":{"line":58,"column":24},"end":{"line":60,"column":5}},"line":58},"10":{"name":"(anonymous_10)","decl":{"start":{"line":61,"column":4},"end":{"line":61,"column":5}},"loc":{"start":{"line":61,"column":22},"end":{"line":63,"column":5}},"line":61},"11":{"name":"(anonymous_11)","decl":{"start":{"line":64,"column":4},"end":{"line":64,"column":5}},"loc":{"start":{"line":64,"column":24},"end":{"line":66,"column":5}},"line":64},"12":{"name":"(anonymous_12)","decl":{"start":{"line":67,"column":4},"end":{"line":67,"column":5}},"loc":{"start":{"line":67,"column":20},"end":{"line":69,"column":5}},"line":67},"13":{"name":"(anonymous_13)","decl":{"start":{"line":70,"column":12},"end":{"line":70,"column":13}},"loc":{"start":{"line":70,"column":20},"end":{"line":75,"column":5}},"line":70},"14":{"name":"(anonymous_14)","decl":{"start":{"line":77,"column":4},"end":{"line":77,"column":5}},"loc":{"start":{"line":77,"column":22},"end":{"line":79,"column":5}},"line":77},"15":{"name":"(anonymous_15)","decl":{"start":{"line":80,"column":4},"end":{"line":80,"column":5}},"loc":{"start":{"line":80,"column":30},"end":{"line":82,"column":5}},"line":80},"16":{"name":"(anonymous_16)","decl":{"start":{"line":83,"column":4},"end":{"line":83,"column":5}},"loc":{"start":{"line":83,"column":32},"end":{"line":85,"column":5}},"line":83},"17":{"name":"(anonymous_17)","decl":{"start":{"line":86,"column":4},"end":{"line":86,"column":5}},"loc":{"start":{"line":86,"column":28},"end":{"line":88,"column":5}},"line":86},"18":{"name":"(anonymous_18)","decl":{"start":{"line":89,"column":4},"end":{"line":89,"column":5}},"loc":{"start":{"line":89,"column":42},"end":{"line":91,"column":5}},"line":89},"19":{"name":"(anonymous_19)","decl":{"start":{"line":92,"column":4},"end":{"line":92,"column":5}},"loc":{"start":{"line":92,"column":34},"end":{"line":94,"column":5}},"line":92},"20":{"name":"(anonymous_20)","decl":{"start":{"line":95,"column":4},"end":{"line":95,"column":5}},"loc":{"start":{"line":95,"column":38},"end":{"line":97,"column":5}},"line":95},"21":{"name":"(anonymous_21)","decl":{"start":{"line":98,"column":4},"end":{"line":98,"column":5}},"loc":{"start":{"line":98,"column":34},"end":{"line":100,"column":5}},"line":98},"22":{"name":"(anonymous_22)","decl":{"start":{"line":101,"column":4},"end":{"line":101,"column":5}},"loc":{"start":{"line":101,"column":38},"end":{"line":103,"column":5}},"line":101},"23":{"name":"(anonymous_23)","decl":{"start":{"line":104,"column":4},"end":{"line":104,"column":5}},"loc":{"start":{"line":104,"column":25},"end":{"line":110,"column":5}},"line":104},"24":{"name":"(anonymous_24)","decl":{"start":{"line":111,"column":4},"end":{"line":111,"column":5}},"loc":{"start":{"line":111,"column":27},"end":{"line":113,"column":5}},"line":111},"25":{"name":"(anonymous_25)","decl":{"start":{"line":112,"column":47},"end":{"line":112,"column":48}},"loc":{"start":{"line":112,"column":55},"end":{"line":112,"column":69}},"line":112},"26":{"name":"(anonymous_26)","decl":{"start":{"line":114,"column":4},"end":{"line":114,"column":5}},"loc":{"start":{"line":114,"column":28},"end":{"line":116,"column":5}},"line":114},"27":{"name":"(anonymous_27)","decl":{"start":{"line":117,"column":4},"end":{"line":117,"column":5}},"loc":{"start":{"line":117,"column":27},"end":{"line":119,"column":5}},"line":117},"28":{"name":"(anonymous_28)","decl":{"start":{"line":120,"column":4},"end":{"line":120,"column":5}},"loc":{"start":{"line":120,"column":30},"end":{"line":122,"column":5}},"line":120},"29":{"name":"(anonymous_29)","decl":{"start":{"line":121,"column":57},"end":{"line":121,"column":58}},"loc":{"start":{"line":121,"column":65},"end":{"line":121,"column":78}},"line":121},"30":{"name":"(anonymous_30)","decl":{"start":{"line":123,"column":4},"end":{"line":123,"column":5}},"loc":{"start":{"line":123,"column":28},"end":{"line":125,"column":5}},"line":123},"31":{"name":"(anonymous_31)","decl":{"start":{"line":126,"column":4},"end":{"line":126,"column":5}},"loc":{"start":{"line":126,"column":30},"end":{"line":128,"column":5}},"line":126},"32":{"name":"(anonymous_32)","decl":{"start":{"line":127,"column":53},"end":{"line":127,"column":54}},"loc":{"start":{"line":127,"column":61},"end":{"line":127,"column":74}},"line":127},"33":{"name":"(anonymous_33)","decl":{"start":{"line":133,"column":4},"end":{"line":133,"column":5}},"loc":{"start":{"line":133,"column":30},"end":{"line":148,"column":5}},"line":133}},"branchMap":{"0":{"loc":{"start":{"line":21,"column":8},"end":{"line":23,"column":9}},"type":"if","locations":[{"start":{"line":21,"column":8},"end":{"line":23,"column":9}},{"start":{"line":21,"column":8},"end":{"line":23,"column":9}}],"line":21},"1":{"loc":{"start":{"line":24,"column":8},"end":{"line":26,"column":9}},"type":"if","locations":[{"start":{"line":24,"column":8},"end":{"line":26,"column":9}},{"start":{"line":24,"column":8},"end":{"line":26,"column":9}}],"line":24},"2":{"loc":{"start":{"line":72,"column":8},"end":{"line":74,"column":9}},"type":"if","locations":[{"start":{"line":72,"column":8},"end":{"line":74,"column":9}},{"start":{"line":72,"column":8},"end":{"line":74,"column":9}}],"line":72},"3":{"loc":{"start":{"line":106,"column":8},"end":{"line":108,"column":9}},"type":"if","locations":[{"start":{"line":106,"column":8},"end":{"line":108,"column":9}},{"start":{"line":106,"column":8},"end":{"line":108,"column":9}}],"line":106},"4":{"loc":{"start":{"line":134,"column":8},"end":{"line":136,"column":9}},"type":"if","locations":[{"start":{"line":134,"column":8},"end":{"line":136,"column":9}},{"start":{"line":134,"column":8},"end":{"line":136,"column":9}}],"line":134},"5":{"loc":{"start":{"line":134,"column":12},"end":{"line":134,"column":55}},"type":"binary-expr","locations":[{"start":{"line":134,"column":12},"end":{"line":134,"column":31}},{"start":{"line":134,"column":35},"end":{"line":134,"column":55}}],"line":134},"6":{"loc":{"start":{"line":137,"column":8},"end":{"line":139,"column":9}},"type":"if","locations":[{"start":{"line":137,"column":8},"end":{"line":139,"column":9}},{"start":{"line":137,"column":8},"end":{"line":139,"column":9}}],"line":137},"7":{"loc":{"start":{"line":137,"column":12},"end":{"line":137,"column":72}},"type":"binary-expr","locations":[{"start":{"line":137,"column":12},"end":{"line":137,"column":31}},{"start":{"line":137,"column":35},"end":{"line":137,"column":72}}],"line":137},"8":{"loc":{"start":{"line":144,"column":8},"end":{"line":146,"column":9}},"type":"if","locations":[{"start":{"line":144,"column":8},"end":{"line":146,"column":9}},{"start":{"line":144,"column":8},"end":{"line":146,"column":9}}],"line":144},"9":{"loc":{"start":{"line":144,"column":12},"end":{"line":144,"column":71}},"type":"binary-expr","locations":[{"start":{"line":144,"column":12},"end":{"line":144,"column":25}},{"start":{"line":144,"column":29},"end":{"line":144,"column":42}},{"start":{"line":144,"column":46},"end":{"line":144,"column":56}},{"start":{"line":144,"column":60},"end":{"line":144,"column":71}}],"line":144}},"s":{"0":1,"1":1,"2":1,"3":39,"4":39,"5":39,"6":39,"7":39,"8":39,"9":39,"10":1,"11":38,"12":1,"13":37,"14":37,"15":37,"16":37,"17":37,"18":1,"19":1,"20":2,"21":3,"22":3,"23":2,"24":4,"25":3,"26":2,"27":4,"28":4,"29":3,"30":1,"31":39,"32":2,"33":2,"34":0,"35":1,"36":1,"37":1,"38":1,"39":2,"40":1,"41":1,"42":1,"43":1,"44":6,"45":1,"46":5,"47":1,"48":3,"49":4,"50":1,"51":1,"52":3,"53":4,"54":1,"55":3,"56":43,"57":2,"58":41,"59":1,"60":40,"61":40,"62":40,"63":40,"64":40,"65":2,"66":38,"67":1},"f":{"0":39,"1":1,"2":2,"3":3,"4":3,"5":2,"6":4,"7":3,"8":2,"9":4,"10":4,"11":3,"12":1,"13":2,"14":1,"15":1,"16":1,"17":1,"18":2,"19":1,"20":1,"21":1,"22":1,"23":6,"24":1,"25":3,"26":4,"27":1,"28":1,"29":3,"30":4,"31":1,"32":3,"33":43},"b":{"0":[1,38],"1":[1,37],"2":[0,2],"3":[1,5],"4":[2,41],"5":[43,42],"6":[1,40],"7":[41,40],"8":[2,38],"9":[40,40,40,40]},"inputSourceMap":{"version":3,"file":"/home/usuario/dsi/practicas/ull-esit-inf-dsi-22-23-prct07-destravate-datamodel-grupok/src/modelos/usuario.ts","sources":["/home/usuario/dsi/practicas/ull-esit-inf-dsi-22-23-prct07-destravate-datamodel-grupok/src/modelos/usuario.ts"],"names":[],"mappings":";;;AAIA,IAAI,WAAW,GAAG,CAAC,CAAC;AACpB;;GAEG;AACH,MAAa,OAAO;IAClB,EAAE,CAAS;IACX,MAAM,CAAS;IACf,UAAU,CAAS;IACnB,WAAW,CAAY,CAAC,sCAAsC;IAC9D,SAAS,GAAa,EAAE,CAAC;IACzB,gBAAgB,GAAa,EAAE,CAAC;IAChC,YAAY,GAA8B,EAAE,MAAM,EAAE,EAAE,EAAE,EAAE,CAAC,EAAE,QAAQ,EAAE,CAAC,EAAE,EAAE,GAAG,EAAE,EAAE,EAAE,EAAE,CAAC,EAAE,QAAQ,EAAE,CAAC,EAAE,EAAE,IAAI,EAAE,EAAE,EAAE,EAAE,CAAC,EAAE,QAAQ,EAAE,CAAC,EAAE,EAAE,CAAC;IACxI,cAAc,GAAa,EAAE,CAAC;IAC9B,YAAY,GAAa,EAAE,CAAC;IAC5B,cAAc,GAAuC,EAAE,CAAC;IAExD,YAAY,MAAc,EAAE,UAAkB,EAAE,WAAsB;QACpE,yEAAyE;QACzE,IAAI,MAAM,KAAK,EAAE,EAAE;YACjB,MAAM,IAAI,KAAK,CAAC,yBAAyB,CAAC,CAAC;SAC5C;QACD,IAAI,IAAI,CAAC,eAAe,CAAC,UAAU,CAAC,KAAK,KAAK,EAAE;YAC9C,MAAM,IAAI,KAAK,CAAC,sBAAsB,CAAC,CAAC;SACzC;QACD,WAAW,EAAE,CAAC;QACd,IAAI,CAAC,EAAE,GAAG,WAAW,CAAC;QACtB,IAAI,CAAC,MAAM,GAAG,MAAM,CAAC;QACrB,IAAI,CAAC,UAAU,GAAG,UAAU,CAAC;QAC7B,IAAI,CAAC,WAAW,GAAG,WAAW,CAAC;IACjC,CAAC;IAED,CAAC,CAAC,MAAM,CAAC,QAAQ,CAAC;QAChB,MAAM,IAAI,CAAC,MAAM,CAAC;QAClB,KAAK,CAAC,CAAC,IAAI,CAAC,WAAW,CAAC;IAC1B,CAAC;IAED,KAAK;QACH,OAAO,IAAI,CAAC,EAAE,CAAC;IACjB,CAAC;IAED,SAAS;QACP,OAAO,IAAI,CAAC,MAAM,CAAC;IACrB,CAAC;IAED,aAAa;QACX,OAAO,IAAI,CAAC,UAAU,CAAC;IACzB,CAAC;IAED,cAAc;QACZ,OAAO,IAAI,CAAC,WAAW,CAAC;IAC1B,CAAC;IAED,YAAY;QACV,OAAO,IAAI,CAAC,SAAS,CAAC;IACxB,CAAC;IAED,mBAAmB;QACjB,OAAO,IAAI,CAAC,gBAAgB,CAAC;IAC/B,CAAC;IAED,eAAe;QAKb,OAAO,IAAI,CAAC,YAAY,CAAC;IAC3B,CAAC;IAED,iBAAiB;QACf,OAAO,IAAI,CAAC,cAAc,CAAC;IAC7B,CAAC;IAED,eAAe;QACb,OAAO,IAAI,CAAC,YAAY,CAAC;IAC3B,CAAC;IAED,iBAAiB;QACf,OAAO,IAAI,CAAC,cAAc,CAAC;IAC7B,CAAC;IAED,aAAa;QACX,OAAO,WAAW,CAAC;IACrB,CAAC;IAED,KAAK,GAAG,CAAC,EAAU,EAAQ,EAAE;QAC3B,IAAI,CAAC,EAAE,GAAG,EAAE,CAAC;QACb,IAAK,EAAE,GAAG,WAAW,EAAG;YACtB,WAAW,GAAG,EAAE,CAAC;SAClB;IACH,CAAC,CAAA;IAED,0BAA0B;IAC1B,SAAS,CAAC,MAAc;QACtB,IAAI,CAAC,MAAM,GAAG,MAAM,CAAC;IACvB,CAAC;IAED,aAAa,CAAC,UAAkB;QAC9B,IAAI,CAAC,UAAU,GAAG,UAAU,CAAC;IAC/B,CAAC;IAED,cAAc,CAAC,WAAsB;QACnC,IAAI,CAAC,WAAW,GAAG,WAAW,CAAC;IACjC,CAAC;IAED,YAAY,CAAC,SAAmB;QAC9B,IAAI,CAAC,SAAS,GAAG,SAAS,CAAC;IAC7B,CAAC;IAED,mBAAmB,CAAC,gBAA0B;QAC5C,IAAI,CAAC,gBAAgB,GAAG,gBAAgB,CAAC;IAC3C,CAAC;IAED,eAAe,CAAC,YAIf;QACC,IAAI,CAAC,YAAY,GAAG,YAAY,CAAC;IACnC,CAAC;IAED,iBAAiB,CAAC,cAAwB;QACxC,IAAI,CAAC,cAAc,GAAG,cAAc,CAAC;IACvC,CAAC;IAED,eAAe,CAAC,YAAsB;QACpC,IAAI,CAAC,YAAY,GAAG,YAAY,CAAC;IACnC,CAAC;IAED,iBAAiB,CAAC,cAAkD;QAClE,IAAI,CAAC,cAAc,GAAG,cAAc,CAAC;IACvC,CAAC;IAED,WAAW,CAAC,OAAe;QACzB,sDAAsD;QACtD,IAAI,IAAI,CAAC,SAAS,CAAC,QAAQ,CAAC,OAAO,CAAC,EAAE;YACpC,MAAM,IAAI,KAAK,CAAC,wCAAwC,CAAC,CAAC;SAC3D;QACD,IAAI,CAAC,SAAS,CAAC,IAAI,CAAC,OAAO,CAAC,CAAC;IAC/B,CAAC;IAED,aAAa,CAAC,OAAe;QAC3B,IAAI,CAAC,SAAS,GAAG,IAAI,CAAC,SAAS,CAAC,MAAM,CAAC,CAAC,EAAE,EAAE,EAAE,CAAC,EAAE,KAAK,OAAO,CAAC,CAAC;IACjE,CAAC;IAED,eAAe,CAAC,MAAc;QAC5B,IAAI,CAAC,cAAc,CAAC,IAAI,CAAC,MAAM,CAAC,CAAC;IACnC,CAAC;IAED,gBAAgB,CAAC,IAAsC;QACrD,IAAI,CAAC,cAAc,CAAC,IAAI,CAAC,IAAI,CAAC,CAAC;IACjC,CAAC;IAED,iBAAiB,CAAC,MAAc;QAC9B,IAAI,CAAC,cAAc,GAAG,IAAI,CAAC,cAAc,CAAC,MAAM,CAAC,CAAC,EAAE,EAAE,EAAE,CAAC,EAAE,KAAK,MAAM,CAAC,CAAC;IAC1E,CAAC;IAED,eAAe,CAAC,MAAc;QAC5B,IAAI,CAAC,YAAY,CAAC,IAAI,CAAC,MAAM,CAAC,CAAC;IACjC,CAAC;IAED,iBAAiB,CAAC,MAAc;QAC9B,IAAI,CAAC,YAAY,GAAG,IAAI,CAAC,YAAY,CAAC,MAAM,CAAC,CAAC,EAAE,EAAE,EAAE,CAAC,EAAE,KAAK,MAAM,CAAC,CAAC;IACtE,CAAC;IAED;;;OAGG;IACH,eAAe,CAAC,QAAgB;QAC9B,IAAG,QAAQ,CAAC,MAAM,GAAG,CAAC,IAAI,QAAQ,CAAC,MAAM,GAAG,EAAE,EAAE;YAC9C,OAAO,KAAK,CAAC;SACd;QACD,IAAG,QAAQ,CAAC,CAAC,CAAC,KAAK,GAAG,IAAI,QAAQ,CAAC,QAAQ,CAAC,MAAM,GAAG,CAAC,CAAC,KAAK,GAAG,EAAE;YACjE,OAAO,KAAK,CAAC;SACZ;QAED,MAAM,YAAY,GAAG,OAAO,CAAC,IAAI,CAAC,QAAQ,CAAC,CAAC;QAC5C,MAAM,YAAY,GAAG,OAAO,CAAC,IAAI,CAAC,QAAQ,CAAC,CAAC;QAC5C,MAAM,SAAS,GAAG,OAAO,CAAC,IAAI,CAAC,QAAQ,CAAC,CAAC;QACzC,MAAM,UAAU,GAAG,WAAW,CAAC,IAAI,CAAC,QAAQ,CAAC,CAAC;QAE9C,IAAI,CAAC,YAAY,IAAI,CAAC,YAAY,IAAI,CAAC,SAAS,IAAI,CAAC,UAAU,EAAE;YAC/D,OAAO,KAAK,CAAC;SACd;QACD,OAAO,IAAI,CAAC;IACd,CAAC;CACF;AAtLD,0BAsLC","sourcesContent":["import { EntidadInterface } from \"../interfaces/entidadInterface\";\nimport { Actividad } from \"../enums/actividadEnum\";\nimport { EstadisticasEntrenamiento } from \"../interfaces/estadisticasEntrenamiento\";\n\nlet contador_id = 0;\n/**\n * Clase que representa a un usuario\n */\nexport class Usuario implements EntidadInterface {\n  id: number;\n  nombre: string;\n  contraseña: string;\n  actividades: Actividad; // deberia ser un array de actividades\n  amigosApp: number[] = [];\n  amigosFrecuentes: number[] = [];\n  estadisticas: EstadisticasEntrenamiento = { semana: { km: 0, desnivel: 0 }, mes: { km: 0, desnivel: 0 }, anio: { km: 0, desnivel: 0 } };\n  rutasFavoritas: number[] = [];\n  retosActivos: number[] = [];\n  historicoRutas: { ruta: number; fecha: string; }[] = [];\n  \n  constructor(nombre: string, contraseña: string, actividades: Actividad) {\n    /// Comprobamos que el nombre no esté vacío y que la actividad sea válida\n    if (nombre === '') {\n      throw new Error('Nombre de usuario vacío');\n    }\n    if (this.isValidPassword(contraseña) === false) {\n      throw new Error('Contraseña no válida');\n    }\n    contador_id++;\n    this.id = contador_id;\n    this.nombre = nombre;\n    this.contraseña = contraseña;\n    this.actividades = actividades;\n  }\n\n  *[Symbol.iterator]() {\n    yield this.nombre;\n    yield* this.actividades;\n  }\n\n  getID(): number {\n    return this.id;\n  }\n\n  getNombre(): string {\n    return this.nombre;\n  }\n\n  getContraseña(): string {\n    return this.contraseña;\n  }\n\n  getActividades(): Actividad {\n    return this.actividades;\n  }\n\n  getAmigosApp(): number[] {\n    return this.amigosApp;\n  }\n\n  getAmigosFrecuentes(): number[] {\n    return this.amigosFrecuentes;\n  }\n\n  getEstadisticas(): {\n    semana: { km: number; desnivel: number };\n    mes: { km: number; desnivel: number };\n    anio: { km: number; desnivel: number };\n  } {\n    return this.estadisticas;\n  }\n\n  getRutasFavoritas(): number[] {\n    return this.rutasFavoritas;\n  }\n\n  getRetosActivos(): number[] {\n    return this.retosActivos;\n  }\n\n  getHistoricoRutas(): { ruta: number; fecha: string; }[] {\n    return this.historicoRutas;\n  }\n\n  getContadorID(): number {\n    return contador_id;\n  }\n\n  setID = (id: number): void => {\n    this.id = id;\n    if ( id > contador_id ) {\n      contador_id = id;\n    }\n  }\n\n  // Métodos de modificación\n  setNombre(nombre: string): void {\n    this.nombre = nombre;\n  }\n\n  setContraseña(contraseña: string): void {\n    this.contraseña = contraseña;\n  }\n  \n  setActividades(actividades: Actividad): void {\n    this.actividades = actividades;\n  }\n\n  setAmigosApp(amigosApp: number[]): void {\n    this.amigosApp = amigosApp;\n  }\n\n  setAmigosFrecuentes(amigosFrecuentes: number[]): void {\n    this.amigosFrecuentes = amigosFrecuentes;\n  }\n\n  setEstadisticas(estadisticas: {\n    semana: { km: number; desnivel: number };\n    mes: { km: number; desnivel: number };\n    anio: { km: number; desnivel: number };\n  }): void {\n    this.estadisticas = estadisticas;\n  }\n\n  setRutasFavoritas(rutasFavoritas: number[]): void {\n    this.rutasFavoritas = rutasFavoritas;\n  }\n\n  setRetosActivos(retosActivos: number[]): void {\n    this.retosActivos = retosActivos;\n  }\n\n  setHistoricoRutas(historicoRutas: { ruta: number; fecha: string; }[]): void {\n    this.historicoRutas = historicoRutas;\n  }\n  \n  addAmigoApp(idAmigo: number): void {\n    // Compruebamos si el id del amigo ya está en la lista\n    if (this.amigosApp.includes(idAmigo)) {\n      throw new Error('El amigo ya está en la lista de amigos');\n    }\n    this.amigosApp.push(idAmigo);\n  }\n\n  eraseAmigoApp(idAmigo: number): void {\n    this.amigosApp = this.amigosApp.filter((id) => id !== idAmigo);\n  }\n\n  addRutaFavorita(idRuta: number): void {\n    this.rutasFavoritas.push(idRuta);\n  }\n\n  addRutaRealizada(ruta: { ruta: number; fecha: string; }): void {\n    this.historicoRutas.push(ruta);\n  }\n\n  eraseRutaFavorita(idRuta: number): void {\n    this.rutasFavoritas = this.rutasFavoritas.filter((id) => id !== idRuta);\n  }\n\n  addRetosActivos(idReto: number): void {\n    this.retosActivos.push(idReto);\n  }\n\n  eraseRetosActivos(idReto: number): void {\n    this.retosActivos = this.retosActivos.filter((id) => id !== idReto);\n  }\n\n  /**\n   * Validador de la contraseña\n   * @param contraseña Contraseña a validar\n   */\n  isValidPassword(password: string): boolean {\n    if(password.length < 4 || password.length > 30) {\n      return false;\n    }\n    if(password[0] === '_' || password[password.length - 1] === '_') {\n    return false;\n    }\n  \n    const hasUppercase = /[A-Z]/.test(password);\n    const hasLowercase = /[a-z]/.test(password);\n    const hasNumber = /[0-9]/.test(password);\n    const hasSpecial = /[$,-,_,*]/.test(password);\n  \n    if (!hasUppercase || !hasLowercase || !hasNumber || !hasSpecial) {\n      return false;\n    }\n    return true;\n  }\n}"]},"_coverageSchema":"1a1c01bbd47fc00a2c39e90264f33305004495a9","hash":"a82338d6c98ac054cf316f48741f497be1caf0a5","contentHash":"fefb4a2583e097a0afadbd5a4a2f74570f986f1c341a8e7d578aba19f676f803"}}