TN:
SF:src/colecciones/coleccionGrupo.ts
FN:13,(anonymous_0)
FN:20,(anonymous_1)
FN:28,(anonymous_2)
FN:36,(anonymous_3)
FN:48,(anonymous_4)
FN:55,(anonymous_5)
FN:67,(anonymous_6)
FN:86,(anonymous_7)
FN:100,(anonymous_8)
FN:104,(anonymous_9)
FN:108,(anonymous_10)
FN:112,(anonymous_11)
FN:116,(anonymous_12)
FN:120,(anonymous_13)
FN:124,(anonymous_14)
FNF:15
FNH:15
FNDA:24,(anonymous_0)
FNDA:1,(anonymous_1)
FNDA:27,(anonymous_2)
FNDA:6,(anonymous_3)
FNDA:9,(anonymous_4)
FNDA:3,(anonymous_5)
FNDA:3,(anonymous_6)
FNDA:2,(anonymous_7)
FNDA:1,(anonymous_8)
FNDA:1,(anonymous_9)
FNDA:1,(anonymous_10)
FNDA:1,(anonymous_11)
FNDA:1,(anonymous_12)
FNDA:1,(anonymous_13)
FNDA:1,(anonymous_14)
DA:1,1
DA:7,1
DA:14,24
DA:21,1
DA:29,27
DA:37,6
DA:38,6
DA:39,0
DA:49,9
DA:56,3
DA:57,3
DA:58,3
DA:59,9
DA:68,3
DA:69,1
DA:72,2
DA:73,2
DA:74,4
DA:75,1
DA:79,1
DA:87,2
DA:88,1
DA:91,1
DA:101,1
DA:105,1
DA:109,1
DA:113,1
DA:117,1
DA:121,1
DA:125,1
LF:30
LH:29
BRDA:38,0,0,0
BRDA:38,0,1,6
BRDA:38,1,0,6
BRDA:38,1,1,6
BRDA:68,2,0,1
BRDA:68,2,1,2
BRDA:74,3,0,1
BRDA:74,3,1,3
BRDA:87,4,0,1
BRDA:87,4,1,1
BRF:10
BRH:9
end_of_record
TN:
SF:src/colecciones/coleccionReto.ts
FN:14,(anonymous_0)
FN:21,(anonymous_1)
FN:29,(anonymous_2)
FN:37,(anonymous_3)
FN:49,(anonymous_4)
FN:56,(anonymous_5)
FN:67,(anonymous_6)
FN:79,(anonymous_7)
FN:92,(anonymous_8)
FN:108,(anonymous_9)
FN:131,(anonymous_10)
FN:146,(anonymous_11)
FN:161,(anonymous_12)
FN:171,(anonymous_13)
FN:188,(anonymous_14)
FNF:15
FNH:14
FNDA:26,(anonymous_0)
FNDA:0,(anonymous_1)
FNDA:27,(anonymous_2)
FNDA:2,(anonymous_3)
FNDA:4,(anonymous_4)
FNDA:9,(anonymous_5)
FNDA:2,(anonymous_6)
FNDA:2,(anonymous_7)
FNDA:2,(anonymous_8)
FNDA:3,(anonymous_9)
FNDA:3,(anonymous_10)
FNDA:2,(anonymous_11)
FNDA:2,(anonymous_12)
FNDA:2,(anonymous_13)
FNDA:3,(anonymous_14)
DA:3,1
DA:8,1
DA:9,26
DA:15,26
DA:22,0
DA:30,27
DA:38,2
DA:39,3
DA:40,0
DA:50,4
DA:57,9
DA:58,9
DA:59,1
DA:61,8
DA:68,2
DA:69,2
DA:70,2
DA:71,6
DA:80,2
DA:81,1
DA:85,1
DA:93,2
DA:94,1
DA:97,1
DA:109,3
DA:112,2
DA:113,2
DA:114,5
DA:115,1
DA:118,1
DA:121,1
DA:122,1
DA:132,3
DA:133,2
DA:136,1
DA:147,2
DA:148,1
DA:151,1
DA:162,2
DA:163,1
DA:166,1
DA:172,2
DA:174,1
DA:175,1
DA:176,0
DA:177,0
DA:180,1
DA:183,1
DA:189,3
DA:191,2
DA:192,2
DA:193,2
DA:194,1
DA:195,1
DA:198,2
DA:199,1
DA:202,1
DA:206,1
LF:58
LH:54
BRDA:39,0,0,0
BRDA:39,0,1,3
BRDA:39,1,0,3
BRDA:39,1,1,3
BRDA:58,2,0,1
BRDA:58,2,1,8
BRDA:80,3,0,1
BRDA:80,3,1,1
BRDA:93,4,0,1
BRDA:93,4,1,1
BRDA:109,5,0,2
BRDA:109,5,1,1
BRDA:114,6,0,1
BRDA:114,6,1,4
BRDA:132,7,0,2
BRDA:132,7,1,1
BRDA:147,8,0,1
BRDA:147,8,1,1
BRDA:162,9,0,1
BRDA:162,9,1,1
BRDA:172,10,0,1
BRDA:172,10,1,1
BRDA:176,11,0,0
BRDA:176,11,1,0
BRDA:189,12,0,2
BRDA:189,12,1,1
BRDA:194,13,0,1
BRDA:194,13,1,0
BRDA:198,14,0,1
BRDA:198,14,1,1
BRF:30
BRH:26
end_of_record
TN:
SF:src/colecciones/coleccionRuta.ts
FN:16,(anonymous_0)
FN:23,(anonymous_1)
FN:31,(anonymous_2)
FN:39,(anonymous_3)
FN:51,(anonymous_4)
FN:58,(anonymous_5)
FN:69,(anonymous_6)
FN:81,(anonymous_7)
FN:94,(anonymous_8)
FN:104,(anonymous_9)
FN:113,(anonymous_10)
FN:123,(anonymous_11)
FN:132,(anonymous_12)
FN:141,(anonymous_13)
FN:150,(anonymous_14)
FN:157,(anonymous_15)
FN:166,(anonymous_16)
FNF:17
FNH:16
FNDA:31,(anonymous_0)
FNDA:0,(anonymous_1)
FNDA:32,(anonymous_2)
FNDA:2,(anonymous_3)
FNDA:7,(anonymous_4)
FNDA:13,(anonymous_5)
FNDA:1,(anonymous_6)
FNDA:3,(anonymous_7)
FNDA:3,(anonymous_8)
FNDA:3,(anonymous_9)
FNDA:3,(anonymous_10)
FNDA:2,(anonymous_11)
FNDA:2,(anonymous_12)
FNDA:2,(anonymous_13)
FNDA:2,(anonymous_14)
FNDA:2,(anonymous_15)
FNDA:2,(anonymous_16)
DA:1,1
DA:10,1
DA:17,31
DA:24,0
DA:32,32
DA:40,2
DA:41,3
DA:42,0
DA:52,7
DA:59,13
DA:60,13
DA:61,1
DA:63,12
DA:70,1
DA:71,1
DA:72,1
DA:73,3
DA:82,3
DA:83,1
DA:87,2
DA:95,3
DA:96,2
DA:99,1
DA:105,3
DA:106,2
DA:109,1
DA:114,3
DA:115,2
DA:116,2
DA:119,1
DA:124,2
DA:125,1
DA:128,1
DA:133,2
DA:134,1
DA:137,1
DA:142,2
DA:143,1
DA:146,1
DA:151,2
DA:152,1
DA:154,1
DA:158,2
DA:159,1
DA:162,1
DA:167,2
DA:168,2
DA:169,6
DA:171,2
LF:49
LH:47
BRDA:41,0,0,0
BRDA:41,0,1,3
BRDA:41,1,0,3
BRDA:41,1,1,3
BRDA:60,2,0,1
BRDA:60,2,1,12
BRDA:82,3,0,1
BRDA:82,3,1,2
BRDA:95,4,0,2
BRDA:95,4,1,1
BRDA:105,5,0,2
BRDA:105,5,1,1
BRDA:114,6,0,2
BRDA:114,6,1,1
BRDA:124,7,0,1
BRDA:124,7,1,1
BRDA:133,8,0,1
BRDA:133,8,1,1
BRDA:142,9,0,1
BRDA:142,9,1,1
BRDA:151,10,0,1
BRDA:151,10,1,1
BRDA:158,11,0,1
BRDA:158,11,1,1
BRF:24
BRH:23
end_of_record
TN:
SF:src/colecciones/coleccionUsuario.ts
FN:14,(anonymous_0)
FN:21,(anonymous_1)
FN:30,(anonymous_2)
FN:38,(anonymous_3)
FN:50,(anonymous_4)
FN:57,(anonymous_5)
FN:70,(anonymous_6)
FN:90,(anonymous_7)
FN:106,(anonymous_8)
FN:117,(anonymous_9)
FN:121,(anonymous_10)
FN:125,(anonymous_11)
FN:129,(anonymous_12)
FN:133,(anonymous_13)
FN:137,(anonymous_14)
FN:141,(anonymous_15)
FN:145,(anonymous_16)
FN:149,(anonymous_17)
FN:153,(anonymous_18)
FNF:19
FNH:18
FNDA:26,(anonymous_0)
FNDA:0,(anonymous_1)
FNDA:27,(anonymous_2)
FNDA:3,(anonymous_3)
FNDA:18,(anonymous_4)
FNDA:3,(anonymous_5)
FNDA:17,(anonymous_6)
FNDA:2,(anonymous_7)
FNDA:2,(anonymous_8)
FNDA:1,(anonymous_9)
FNDA:1,(anonymous_10)
FNDA:2,(anonymous_11)
FNDA:1,(anonymous_12)
FNDA:2,(anonymous_13)
FNDA:1,(anonymous_14)
FNDA:1,(anonymous_15)
FNDA:2,(anonymous_16)
FNDA:1,(anonymous_17)
FNDA:1,(anonymous_18)
DA:1,1
DA:8,1
DA:15,26
DA:22,0
DA:31,27
DA:39,3
DA:40,6
DA:41,0
DA:51,18
DA:58,3
DA:59,3
DA:60,3
DA:61,9
DA:71,17
DA:72,1
DA:76,16
DA:77,16
DA:78,50
DA:79,1
DA:83,15
DA:91,2
DA:92,1
DA:95,1
DA:108,2
DA:109,2
DA:110,9
DA:111,1
DA:114,1
DA:118,1
DA:122,1
DA:126,2
DA:130,1
DA:134,2
DA:138,1
DA:142,1
DA:146,2
DA:150,1
DA:154,1
LF:38
LH:36
BRDA:40,0,0,0
BRDA:40,0,1,6
BRDA:40,1,0,6
BRDA:40,1,1,6
BRDA:71,2,0,1
BRDA:71,2,1,16
BRDA:78,3,0,1
BRDA:78,3,1,49
BRDA:91,4,0,1
BRDA:91,4,1,1
BRDA:110,5,0,1
BRDA:110,5,1,8
BRF:12
BRH:11
end_of_record
TN:
SF:src/enums/actividadEnum.ts
FN:4,(anonymous_0)
FNF:1
FNH:1
FNDA:1,(anonymous_0)
DA:4,1
DA:5,1
DA:6,1
LF:3
LH:3
BRDA:4,0,0,1
BRDA:4,0,1,1
BRF:2
BRH:2
end_of_record
TN:
SF:src/enums/dificultadEnum.ts
FN:4,(anonymous_0)
FNF:1
FNH:1
FNDA:1,(anonymous_0)
DA:4,1
DA:5,1
DA:6,1
DA:7,1
LF:4
LH:4
BRDA:4,0,0,1
BRDA:4,0,1,1
BRF:2
BRH:2
end_of_record
TN:
SF:src/modelos/grupo.ts
FN:20,(anonymous_0)
FN:30,(anonymous_1)
FN:34,(anonymous_2)
FN:38,(anonymous_3)
FN:42,(anonymous_4)
FN:46,(anonymous_5)
FN:54,(anonymous_6)
FN:58,(anonymous_7)
FN:62,(anonymous_8)
FN:66,(anonymous_9)
FN:73,(anonymous_10)
FN:77,(anonymous_11)
FN:81,(anonymous_12)
FN:85,(anonymous_13)
FN:93,(anonymous_14)
FN:97,(anonymous_15)
FN:101,(anonymous_16)
FN:106,(anonymous_17)
FN:110,(anonymous_18)
FN:114,(anonymous_19)
FN:115,(anonymous_20)
FN:118,(anonymous_21)
FN:122,(anonymous_22)
FN:123,(anonymous_23)
FNF:24
FNH:24
FNDA:28,(anonymous_0)
FNDA:96,(anonymous_1)
FNDA:9,(anonymous_2)
FNDA:3,(anonymous_3)
FNDA:7,(anonymous_4)
FNDA:2,(anonymous_5)
FNDA:2,(anonymous_6)
FNDA:7,(anonymous_7)
FNDA:5,(anonymous_8)
FNDA:2,(anonymous_9)
FNDA:2,(anonymous_10)
FNDA:2,(anonymous_11)
FNDA:2,(anonymous_12)
FNDA:1,(anonymous_13)
FNDA:1,(anonymous_14)
FNDA:2,(anonymous_15)
FNDA:1,(anonymous_16)
FNDA:2,(anonymous_17)
FNDA:2,(anonymous_18)
FNDA:2,(anonymous_19)
FNDA:4,(anonymous_20)
FNDA:2,(anonymous_21)
FNDA:2,(anonymous_22)
FNDA:4,(anonymous_23)
DA:4,1
DA:5,1
DA:10,1
DA:14,28
DA:15,28
DA:16,28
DA:17,28
DA:18,28
DA:21,28
DA:22,1
DA:24,27
DA:25,27
DA:26,27
DA:27,27
DA:31,96
DA:35,9
DA:39,3
DA:43,7
DA:51,2
DA:55,2
DA:59,7
DA:63,5
DA:66,28
DA:67,2
DA:68,2
DA:69,0
DA:74,2
DA:78,2
DA:82,2
DA:90,1
DA:94,1
DA:98,2
DA:103,1
DA:107,2
DA:111,2
DA:115,4
DA:119,2
DA:123,4
LF:38
LH:37
BRDA:21,0,0,1
BRDA:21,0,1,27
BRDA:68,1,0,0
BRDA:68,1,1,2
BRF:4
BRH:3
end_of_record
TN:
SF:src/modelos/reto.ts
FN:14,(anonymous_0)
FN:21,(anonymous_1)
FN:25,(anonymous_2)
FN:29,(anonymous_3)
FN:33,(anonymous_4)
FN:37,(anonymous_5)
FN:41,(anonymous_6)
FN:45,(anonymous_7)
FN:53,(anonymous_8)
FN:57,(anonymous_9)
FN:61,(anonymous_10)
FN:65,(anonymous_11)
FN:69,(anonymous_12)
FN:73,(anonymous_13)
FN:77,(anonymous_14)
FN:78,(anonymous_15)
FN:81,(anonymous_16)
FN:85,(anonymous_17)
FN:86,(anonymous_18)
FNF:19
FNH:19
FNDA:29,(anonymous_0)
FNDA:113,(anonymous_1)
FNDA:10,(anonymous_2)
FNDA:8,(anonymous_3)
FNDA:5,(anonymous_4)
FNDA:4,(anonymous_5)
FNDA:11,(anonymous_6)
FNDA:1,(anonymous_7)
FNDA:3,(anonymous_8)
FNDA:1,(anonymous_9)
FNDA:3,(anonymous_10)
FNDA:1,(anonymous_11)
FNDA:1,(anonymous_12)
FNDA:3,(anonymous_13)
FNDA:2,(anonymous_14)
FNDA:2,(anonymous_15)
FNDA:4,(anonymous_16)
FNDA:2,(anonymous_17)
FNDA:3,(anonymous_18)
DA:4,1
DA:6,1
DA:9,29
DA:11,29
DA:12,29
DA:15,29
DA:16,29
DA:17,29
DA:22,113
DA:26,10
DA:30,8
DA:34,5
DA:38,4
DA:42,11
DA:45,29
DA:46,1
DA:47,1
DA:48,0
DA:54,3
DA:58,1
DA:62,3
DA:66,1
DA:70,1
DA:74,3
DA:78,2
DA:82,4
DA:86,3
LF:27
LH:26
BRDA:47,0,0,0
BRDA:47,0,1,1
BRF:2
BRH:1
end_of_record
TN:
SF:src/modelos/ruta.ts
FN:20,(anonymous_0)
FN:44,(anonymous_1)
FN:47,(anonymous_2)
FN:50,(anonymous_3)
FN:53,(anonymous_4)
FN:56,(anonymous_5)
FN:59,(anonymous_6)
FN:62,(anonymous_7)
FN:65,(anonymous_8)
FN:68,(anonymous_9)
FN:71,(anonymous_10)
FN:75,(anonymous_11)
FN:82,(anonymous_12)
FN:85,(anonymous_13)
FN:88,(anonymous_14)
FN:91,(anonymous_15)
FN:94,(anonymous_16)
FN:97,(anonymous_17)
FN:100,(anonymous_18)
FN:103,(anonymous_19)
FN:106,(anonymous_20)
FN:109,(anonymous_21)
FN:112,(anonymous_22)
FN:114,(anonymous_23)
FNF:24
FNH:24
FNDA:25,(anonymous_0)
FNDA:137,(anonymous_1)
FNDA:10,(anonymous_2)
FNDA:4,(anonymous_3)
FNDA:4,(anonymous_4)
FNDA:3,(anonymous_5)
FNDA:3,(anonymous_6)
FNDA:4,(anonymous_7)
FNDA:4,(anonymous_8)
FNDA:4,(anonymous_9)
FNDA:4,(anonymous_10)
FNDA:1,(anonymous_11)
FNDA:3,(anonymous_12)
FNDA:3,(anonymous_13)
FNDA:3,(anonymous_14)
FNDA:2,(anonymous_15)
FNDA:2,(anonymous_16)
FNDA:1,(anonymous_17)
FNDA:3,(anonymous_18)
FNDA:3,(anonymous_19)
FNDA:2,(anonymous_20)
FNDA:3,(anonymous_21)
FNDA:2,(anonymous_22)
FNDA:2,(anonymous_23)
DA:6,1
DA:8,1
DA:15,25
DA:18,25
DA:29,25
DA:30,25
DA:31,25
DA:32,25
DA:33,25
DA:34,25
DA:35,25
DA:36,25
DA:37,25
DA:40,25
DA:45,137
DA:48,10
DA:51,4
DA:54,4
DA:57,3
DA:60,3
DA:63,4
DA:66,4
DA:69,4
DA:72,4
DA:75,25
DA:76,1
DA:77,1
DA:78,0
DA:83,3
DA:86,3
DA:89,3
DA:92,2
DA:95,2
DA:98,1
DA:101,3
DA:104,3
DA:107,2
DA:110,3
DA:114,2
LF:39
LH:38
BRDA:77,0,0,0
BRDA:77,0,1,1
BRF:2
BRH:1
end_of_record
TN:
SF:src/modelos/usuario.ts
FN:28,(anonymous_0)
FN:43,(anonymous_1)
FN:48,(anonymous_2)
FN:52,(anonymous_3)
FN:56,(anonymous_4)
FN:60,(anonymous_5)
FN:64,(anonymous_6)
FN:68,(anonymous_7)
FN:72,(anonymous_8)
FN:80,(anonymous_9)
FN:84,(anonymous_10)
FN:88,(anonymous_11)
FN:92,(anonymous_12)
FN:96,(anonymous_13)
FN:104,(anonymous_14)
FN:108,(anonymous_15)
FN:112,(anonymous_16)
FN:116,(anonymous_17)
FN:120,(anonymous_18)
FN:124,(anonymous_19)
FN:132,(anonymous_20)
FN:136,(anonymous_21)
FN:140,(anonymous_22)
FN:144,(anonymous_23)
FN:152,(anonymous_24)
FN:153,(anonymous_25)
FN:156,(anonymous_26)
FN:160,(anonymous_27)
FN:164,(anonymous_28)
FN:165,(anonymous_29)
FN:168,(anonymous_30)
FN:172,(anonymous_31)
FN:173,(anonymous_32)
FN:180,(anonymous_33)
FNF:34
FNH:34
FNDA:59,(anonymous_0)
FNDA:1,(anonymous_1)
FNDA:148,(anonymous_2)
FNDA:80,(anonymous_3)
FNDA:4,(anonymous_4)
FNDA:3,(anonymous_5)
FNDA:6,(anonymous_6)
FNDA:3,(anonymous_7)
FNDA:2,(anonymous_8)
FNDA:6,(anonymous_9)
FNDA:6,(anonymous_10)
FNDA:4,(anonymous_11)
FNDA:1,(anonymous_12)
FNDA:2,(anonymous_13)
FNDA:2,(anonymous_14)
FNDA:2,(anonymous_15)
FNDA:2,(anonymous_16)
FNDA:1,(anonymous_17)
FNDA:2,(anonymous_18)
FNDA:1,(anonymous_19)
FNDA:1,(anonymous_20)
FNDA:1,(anonymous_21)
FNDA:1,(anonymous_22)
FNDA:8,(anonymous_23)
FNDA:2,(anonymous_24)
FNDA:4,(anonymous_25)
FNDA:6,(anonymous_26)
FNDA:2,(anonymous_27)
FNDA:2,(anonymous_28)
FNDA:4,(anonymous_29)
FNDA:6,(anonymous_30)
FNDA:2,(anonymous_31)
FNDA:4,(anonymous_32)
FNDA:63,(anonymous_33)
DA:5,1
DA:6,1
DA:10,1
DA:15,59
DA:16,59
DA:17,59
DA:18,59
DA:19,59
DA:20,59
DA:30,59
DA:31,1
DA:33,58
DA:34,1
DA:36,57
DA:37,57
DA:38,57
DA:39,57
DA:40,57
DA:44,1
DA:45,1
DA:49,148
DA:53,80
DA:57,4
DA:61,3
DA:65,6
DA:69,3
DA:77,2
DA:81,6
DA:85,6
DA:89,4
DA:93,1
DA:96,59
DA:97,2
DA:98,2
DA:99,0
DA:105,2
DA:109,2
DA:113,2
DA:117,1
DA:121,2
DA:129,1
DA:133,1
DA:137,1
DA:141,1
DA:146,8
DA:147,1
DA:149,7
DA:153,4
DA:157,6
DA:161,2
DA:165,4
DA:169,6
DA:173,4
DA:181,63
DA:182,2
DA:184,61
DA:185,1
DA:188,60
DA:189,60
DA:190,60
DA:191,60
DA:193,60
DA:194,2
DA:196,58
LF:64
LH:63
BRDA:30,0,0,1
BRDA:30,0,1,58
BRDA:33,1,0,1
BRDA:33,1,1,57
BRDA:98,2,0,0
BRDA:98,2,1,2
BRDA:146,3,0,1
BRDA:146,3,1,7
BRDA:181,4,0,2
BRDA:181,4,1,61
BRDA:181,5,0,63
BRDA:181,5,1,62
BRDA:184,6,0,1
BRDA:184,6,1,60
BRDA:184,7,0,61
BRDA:184,7,1,60
BRDA:193,8,0,2
BRDA:193,8,1,58
BRDA:193,9,0,60
BRDA:193,9,1,60
BRDA:193,9,2,60
BRDA:193,9,3,60
BRF:22
BRH:21
end_of_record
