TN:
SF:src/enums/actividadEnum.ts
FN:4,(anonymous_0)
FNF:1
FNH:1
FNDA:1,(anonymous_0)
DA:4,1
DA:5,1
DA:6,1
LF:3
LH:3
BRDA:4,0,0,1
BRDA:4,0,1,1
BRF:2
BRH:2
end_of_record
TN:
SF:src/enums/dificultadEnum.ts
FN:4,(anonymous_0)
FNF:1
FNH:1
FNDA:1,(anonymous_0)
DA:4,1
DA:5,1
DA:6,1
DA:7,1
LF:4
LH:4
BRDA:4,0,0,1
BRDA:4,0,1,1
BRF:2
BRH:2
end_of_record
TN:
SF:src/modelos/grupo.ts
FN:20,(anonymous_0)
FN:30,(anonymous_1)
FN:34,(anonymous_2)
FN:38,(anonymous_3)
FN:42,(anonymous_4)
FN:46,(anonymous_5)
FN:54,(anonymous_6)
FN:58,(anonymous_7)
FN:62,(anonymous_8)
FN:66,(anonymous_9)
FN:73,(anonymous_10)
FN:77,(anonymous_11)
FN:81,(anonymous_12)
FN:85,(anonymous_13)
FN:93,(anonymous_14)
FN:97,(anonymous_15)
FN:101,(anonymous_16)
FN:106,(anonymous_17)
FN:110,(anonymous_18)
FN:114,(anonymous_19)
FN:115,(anonymous_20)
FN:118,(anonymous_21)
FN:122,(anonymous_22)
FN:123,(anonymous_23)
FNF:24
FNH:24
FNDA:21,(anonymous_0)
FNDA:2,(anonymous_1)
FNDA:2,(anonymous_2)
FNDA:2,(anonymous_3)
FNDA:5,(anonymous_4)
FNDA:2,(anonymous_5)
FNDA:2,(anonymous_6)
FNDA:5,(anonymous_7)
FNDA:4,(anonymous_8)
FNDA:1,(anonymous_9)
FNDA:1,(anonymous_10)
FNDA:1,(anonymous_11)
FNDA:2,(anonymous_12)
FNDA:1,(anonymous_13)
FNDA:1,(anonymous_14)
FNDA:2,(anonymous_15)
FNDA:1,(anonymous_16)
FNDA:1,(anonymous_17)
FNDA:1,(anonymous_18)
FNDA:1,(anonymous_19)
FNDA:3,(anonymous_20)
FNDA:1,(anonymous_21)
FNDA:1,(anonymous_22)
FNDA:3,(anonymous_23)
DA:4,1
DA:5,1
DA:10,1
DA:14,21
DA:15,21
DA:16,21
DA:17,21
DA:18,21
DA:21,21
DA:22,1
DA:24,20
DA:25,20
DA:26,20
DA:27,20
DA:31,2
DA:35,2
DA:39,2
DA:43,5
DA:51,2
DA:55,2
DA:59,5
DA:63,4
DA:66,21
DA:67,1
DA:68,1
DA:69,0
DA:74,1
DA:78,1
DA:82,2
DA:90,1
DA:94,1
DA:98,2
DA:103,1
DA:107,1
DA:111,1
DA:115,3
DA:119,1
DA:123,3
LF:38
LH:37
BRDA:21,0,0,1
BRDA:21,0,1,20
BRDA:68,1,0,0
BRDA:68,1,1,1
BRF:4
BRH:3
end_of_record
TN:
SF:src/modelos/reto.ts
FN:14,(anonymous_0)
FN:21,(anonymous_1)
FN:25,(anonymous_2)
FN:29,(anonymous_3)
FN:33,(anonymous_4)
FN:37,(anonymous_5)
FN:41,(anonymous_6)
FN:45,(anonymous_7)
FN:53,(anonymous_8)
FN:57,(anonymous_9)
FN:61,(anonymous_10)
FN:65,(anonymous_11)
FN:69,(anonymous_12)
FN:73,(anonymous_13)
FN:77,(anonymous_14)
FN:78,(anonymous_15)
FN:81,(anonymous_16)
FN:85,(anonymous_17)
FN:86,(anonymous_18)
FNF:19
FNH:19
FNDA:18,(anonymous_0)
FNDA:2,(anonymous_1)
FNDA:4,(anonymous_2)
FNDA:6,(anonymous_3)
FNDA:4,(anonymous_4)
FNDA:4,(anonymous_5)
FNDA:6,(anonymous_6)
FNDA:1,(anonymous_7)
FNDA:2,(anonymous_8)
FNDA:1,(anonymous_9)
FNDA:2,(anonymous_10)
FNDA:1,(anonymous_11)
FNDA:1,(anonymous_12)
FNDA:2,(anonymous_13)
FNDA:1,(anonymous_14)
FNDA:1,(anonymous_15)
FNDA:2,(anonymous_16)
FNDA:1,(anonymous_17)
FNDA:1,(anonymous_18)
DA:4,1
DA:6,1
DA:9,18
DA:11,18
DA:12,18
DA:15,18
DA:16,18
DA:17,18
DA:22,2
DA:26,4
DA:30,6
DA:34,4
DA:38,4
DA:42,6
DA:45,18
DA:46,1
DA:47,1
DA:48,0
DA:54,2
DA:58,1
DA:62,2
DA:66,1
DA:70,1
DA:74,2
DA:78,1
DA:82,2
DA:86,1
LF:27
LH:26
BRDA:47,0,0,0
BRDA:47,0,1,1
BRF:2
BRH:1
end_of_record
TN:
SF:src/modelos/ruta.ts
FN:20,(anonymous_0)
FN:44,(anonymous_1)
FN:47,(anonymous_2)
FN:50,(anonymous_3)
FN:53,(anonymous_4)
FN:56,(anonymous_5)
FN:59,(anonymous_6)
FN:62,(anonymous_7)
FN:65,(anonymous_8)
FN:68,(anonymous_9)
FN:71,(anonymous_10)
FN:75,(anonymous_11)
FN:82,(anonymous_12)
FN:85,(anonymous_13)
FN:88,(anonymous_14)
FN:91,(anonymous_15)
FN:94,(anonymous_16)
FN:97,(anonymous_17)
FN:100,(anonymous_18)
FN:103,(anonymous_19)
FN:106,(anonymous_20)
FN:109,(anonymous_21)
FN:112,(anonymous_22)
FN:114,(anonymous_23)
FNF:24
FNH:24
FNDA:12,(anonymous_0)
FNDA:2,(anonymous_1)
FNDA:2,(anonymous_2)
FNDA:2,(anonymous_3)
FNDA:2,(anonymous_4)
FNDA:2,(anonymous_5)
FNDA:2,(anonymous_6)
FNDA:4,(anonymous_7)
FNDA:3,(anonymous_8)
FNDA:3,(anonymous_9)
FNDA:4,(anonymous_10)
FNDA:1,(anonymous_11)
FNDA:1,(anonymous_12)
FNDA:1,(anonymous_13)
FNDA:1,(anonymous_14)
FNDA:1,(anonymous_15)
FNDA:1,(anonymous_16)
FNDA:1,(anonymous_17)
FNDA:2,(anonymous_18)
FNDA:2,(anonymous_19)
FNDA:2,(anonymous_20)
FNDA:3,(anonymous_21)
FNDA:2,(anonymous_22)
FNDA:2,(anonymous_23)
DA:6,1
DA:8,1
DA:15,12
DA:18,12
DA:29,12
DA:30,12
DA:31,12
DA:32,12
DA:33,12
DA:34,12
DA:35,12
DA:36,12
DA:37,12
DA:40,12
DA:45,2
DA:48,2
DA:51,2
DA:54,2
DA:57,2
DA:60,2
DA:63,4
DA:66,3
DA:69,3
DA:72,4
DA:75,12
DA:76,1
DA:77,1
DA:78,0
DA:83,1
DA:86,1
DA:89,1
DA:92,1
DA:95,1
DA:98,1
DA:101,2
DA:104,2
DA:107,2
DA:110,3
DA:114,2
LF:39
LH:38
BRDA:77,0,0,0
BRDA:77,0,1,1
BRF:2
BRH:1
end_of_record
TN:
SF:src/modelos/usuario.ts
FN:21,(anonymous_0)
FN:36,(anonymous_1)
FN:41,(anonymous_2)
FN:45,(anonymous_3)
FN:49,(anonymous_4)
FN:53,(anonymous_5)
FN:57,(anonymous_6)
FN:61,(anonymous_7)
FN:65,(anonymous_8)
FN:73,(anonymous_9)
FN:77,(anonymous_10)
FN:81,(anonymous_11)
FN:85,(anonymous_12)
FN:89,(anonymous_13)
FN:97,(anonymous_14)
FN:101,(anonymous_15)
FN:105,(anonymous_16)
FN:109,(anonymous_17)
FN:113,(anonymous_18)
FN:117,(anonymous_19)
FN:125,(anonymous_20)
FN:129,(anonymous_21)
FN:133,(anonymous_22)
FN:137,(anonymous_23)
FN:145,(anonymous_24)
FN:146,(anonymous_25)
FN:149,(anonymous_26)
FN:153,(anonymous_27)
FN:157,(anonymous_28)
FN:158,(anonymous_29)
FN:161,(anonymous_30)
FN:165,(anonymous_31)
FN:166,(anonymous_32)
FN:173,(anonymous_33)
FNF:34
FNH:34
FNDA:39,(anonymous_0)
FNDA:1,(anonymous_1)
FNDA:2,(anonymous_2)
FNDA:3,(anonymous_3)
FNDA:3,(anonymous_4)
FNDA:2,(anonymous_5)
FNDA:4,(anonymous_6)
FNDA:3,(anonymous_7)
FNDA:2,(anonymous_8)
FNDA:4,(anonymous_9)
FNDA:4,(anonymous_10)
FNDA:3,(anonymous_11)
FNDA:1,(anonymous_12)
FNDA:2,(anonymous_13)
FNDA:1,(anonymous_14)
FNDA:1,(anonymous_15)
FNDA:1,(anonymous_16)
FNDA:1,(anonymous_17)
FNDA:2,(anonymous_18)
FNDA:1,(anonymous_19)
FNDA:1,(anonymous_20)
FNDA:1,(anonymous_21)
FNDA:1,(anonymous_22)
FNDA:6,(anonymous_23)
FNDA:1,(anonymous_24)
FNDA:3,(anonymous_25)
FNDA:4,(anonymous_26)
FNDA:1,(anonymous_27)
FNDA:1,(anonymous_28)
FNDA:3,(anonymous_29)
FNDA:4,(anonymous_30)
FNDA:1,(anonymous_31)
FNDA:3,(anonymous_32)
FNDA:43,(anonymous_33)
DA:5,1
DA:9,1
DA:14,39
DA:15,39
DA:16,39
DA:17,39
DA:18,39
DA:19,39
DA:23,39
DA:24,1
DA:26,38
DA:27,1
DA:29,37
DA:30,37
DA:31,37
DA:32,37
DA:33,37
DA:37,1
DA:38,1
DA:42,2
DA:46,3
DA:50,3
DA:54,2
DA:58,4
DA:62,3
DA:70,2
DA:74,4
DA:78,4
DA:82,3
DA:86,1
DA:89,39
DA:90,2
DA:91,2
DA:92,0
DA:98,1
DA:102,1
DA:106,1
DA:110,1
DA:114,2
DA:122,1
DA:126,1
DA:130,1
DA:134,1
DA:139,6
DA:140,1
DA:142,5
DA:146,3
DA:150,4
DA:154,1
DA:158,3
DA:162,4
DA:166,3
DA:174,43
DA:175,2
DA:177,41
DA:178,1
DA:181,40
DA:182,40
DA:183,40
DA:184,40
DA:186,40
DA:187,2
DA:189,38
LF:63
LH:62
BRDA:23,0,0,1
BRDA:23,0,1,38
BRDA:26,1,0,1
BRDA:26,1,1,37
BRDA:91,2,0,0
BRDA:91,2,1,2
BRDA:139,3,0,1
BRDA:139,3,1,5
BRDA:174,4,0,2
BRDA:174,4,1,41
BRDA:174,5,0,43
BRDA:174,5,1,42
BRDA:177,6,0,1
BRDA:177,6,1,40
BRDA:177,7,0,41
BRDA:177,7,1,40
BRDA:186,8,0,2
BRDA:186,8,1,38
BRDA:186,9,0,40
BRDA:186,9,1,40
BRDA:186,9,2,40
BRDA:186,9,3,40
BRF:22
BRH:21
end_of_record
